IQ-TREE multicore version 2.4.0 for Linux x86 64-bit built Feb 12 2025
Developed by Bui Quang Minh, Nguyen Lam Tung, Olga Chernomor, Heiko Schmidt,
Dominik Schrempf, Michael Woodhams, Ly Trong Nhan, Thomas Wong

Host:    nova.rsb.anu.edu.au (AVX512, FMA3, 2267 GB RAM)
Command: iqtree -s sub_alignment.faa -ft 02_GTR_c60_g_mwopt.treefile -m GTRPMIX+FMIX{C60pi1:1.0000:0.0109,C60pi2:1.0000:0.0170,C60pi3:1.0000:0.0208,C60pi4:1.0000:0.0111,C60pi5:1.0000:0.0328,C60pi6:1.0000:0.0136,C60pi7:1.0000:0.0035,C60pi8:1.0000:0.0014,C60pi9:1.0000:0.0038,C60pi10:1.0000:0.0534,C60pi11:1.0000:0.0101,C60pi12:1.0000:0.0101,C60pi13:1.0000:0.0098,C60pi14:1.0000:0.0121,C60pi15:1.0000:0.0080,C60pi16:1.0000:0.0166,C60pi17:1.0000:0.0148,C60pi18:1.0000:0.0401,C60pi19:1.0000:0.0391,C60pi20:1.0000:0.0056,C60pi21:1.0000:0.0017,C60pi22:1.0000:0.0345,C60pi23:1.0000:0.0075,C60pi24:1.0000:0.0301,C60pi25:1.0000:0.0072,C60pi26:1.0000:0.0176,C60pi27:1.0000:0.0285,C60pi28:1.0000:0.0410,C60pi29:1.0000:0.0388,C60pi30:1.0000:0.0184,C60pi31:1.0000:0.0061,C60pi32:1.0000:0.0104,C60pi33:1.0000:0.0228,C60pi34:1.0000:0.0329,C60pi35:1.0000:0.0165,C60pi36:1.0000:0.0123,C60pi37:1.0000:0.0075,C60pi38:1.0000:0.0208,C60pi39:1.0000:0.0043,C60pi40:1.0000:0.0106,C60pi41:1.0000:0.0060,C60pi42:1.0000:0.0039,C60pi43:1.0000:0.0177,C60pi44:1.0000:0.0140,C60pi45:1.0000:0.0091,C60pi46:1.0000:0.0002,C60pi47:1.0000:0.0429,C60pi48:1.0000:0.0164,C60pi49:1.0000:0.0104,C60pi50:1.0000:0.0089,C60pi51:1.0000:0.0083,C60pi52:1.0000:0.0138,C60pi53:1.0000:0.0087,C60pi54:1.0000:0.0183,C60pi55:1.0000:0.0600,C60pi56:1.0000:0.0115,C60pi57:1.0000:0.0150,C60pi58:1.0000:0.0165,C60pi59:1.0000:0.0103,C60pi60:1.0000:0.0041}+G4 -mdef 02_GTR_c60_g_mwopt.GTRPMIX.nex -nt 60 -safe -pre 03_sitefreqs_subtree -n 0
Seed:    362754 (Using SPRNG - Scalable Parallel Random Number Generator)
Time:    Wed Mar 12 09:02:48 2025
Kernel:  Safe AVX+FMA - 60 threads (384 CPU cores detected)

Reading alignment file sub_alignment.faa ... Fasta format detected
Reading fasta file: done in 0.0102362 secs using 95.76% CPU
Alignment most likely contains protein sequences
WARNING: 274 sites contain only gaps or ambiguous characters.
Alignment has 128 sequences with 5035 columns, 4670 distinct patterns
4418 parsimony-informative, 157 singleton sites, 460 constant sites
                    Gap/Ambiguity  Composition  p-value
Analyzing sequences: done in 0.00095133 secs using 378.2% CPU
   1  GB_GCA_018826405.1   43.91%    failed      0.00%
   2  GB_GCA_002402995.1   28.82%    failed      0.00%
   3  GB_GCA_019744845.1   31.36%    failed      0.00%
   4  GB_GCA_913060955.1   52.49%    failed      0.29%
   5  GB_GCA_001773695.1   40.28%    failed      0.09%
   6  GB_GCA_001778275.1   47.71%    failed      3.54%
   7  GB_GCA_015485595.1   39.62%    failed      0.43%
   8  GB_GCA_018816885.1   24.31%    passed     19.32%
   9  GB_GCA_023267245.1   46.38%    failed      1.50%
  10  GB_GCA_021799595.1   24.03%    failed      0.00%
  11  GB_GCA_016206505.1   34.60%    failed      0.07%
  12  GB_GCA_003560095.1   38.71%    failed      0.00%
  13  GB_GCA_021781475.1   29.26%    failed      0.00%
  14  GB_GCA_903821365.1   24.05%    failed      0.00%
  15  GB_GCA_016927685.1   27.57%    failed      0.00%
  16  GB_GCA_021786695.1   32.83%    failed      2.46%
  17  GB_GCA_002772645.1   37.14%    failed      0.00%
  18  GB_GCA_003505155.1   29.61%    failed      0.00%
  19  GB_GCA_016183305.1   41.69%    passed     11.30%
  20  GB_GCA_002747745.1   22.80%    failed      0.01%
  21  GB_GCA_001783255.1   32.47%    passed     21.17%
  22  GB_GCA_018827845.1   41.47%    failed      0.00%
  23  GB_GCA_001789695.1   37.44%    failed      0.00%
  24  GB_GCA_002779665.1   47.41%    failed      0.00%
  25  GB_GCA_001817915.1   34.12%    failed      0.02%
  26  GB_GCA_017511205.1   30.47%    failed      1.55%
  27  GB_GCA_943355185.1   62.98%    passed     29.75%
  28  GB_GCA_016699365.1   30.47%    failed      0.78%
  29  GB_GCA_023898525.1   28.94%    failed      1.66%
  30  GB_GCA_000991415.1   35.21%    failed      0.00%
  31  GB_GCA_007376485.1   29.99%    passed     79.76%
  32  GB_GCA_001786195.1   31.70%    failed      0.49%
  33  GB_GCA_020850575.1   24.27%    failed      0.02%
  34  GB_GCA_001788295.1   37.97%    failed      0.00%
  35  GB_GCA_022736555.1   25.02%    failed      0.00%
  36  GB_GCA_001779455.1   40.36%    failed      0.02%
  37  GB_GCA_016186115.1   29.69%    failed      0.00%
  38  GB_GCA_004136275.1   27.15%    failed      0.00%
  39  GB_GCA_003514055.1   34.94%    passed      6.09%
  40  GB_GCA_903857825.1   32.69%    failed      0.26%
  41  GB_GCA_016208545.1   26.81%    passed     28.37%
  42  GB_GCA_903907165.1   32.04%    passed     64.48%
  43  GB_GCA_021106915.1   35.49%    failed      0.00%
  44  GB_GCA_023268615.1   23.38%    failed      0.00%
  45  GB_GCA_020632135.1   50.94%    failed      1.81%
  46  GB_GCA_903923535.1   35.05%    failed      0.00%
  47  GB_GCA_023473845.1   49.87%    failed      0.05%
  48  GB_GCA_943354875.1   36.09%    passed     25.86%
  49  GB_GCA_001791035.1   32.37%    failed      0.00%
  50  GB_GCA_001819295.1   44.91%    failed      0.01%
  51  GB_GCA_903889015.1   58.71%    failed      0.00%
  52  GB_GCA_943354645.1   40.87%    passed     48.13%
  53  GB_GCA_903920975.1   29.61%    failed      0.00%
  54  GB_GCA_002305125.1   39.29%    failed      0.00%
  55  GB_GCA_007378985.1   30.71%    failed      0.03%
  56  GB_GCA_001872545.1   29.59%    failed      0.00%
  57  GB_GCA_001782825.1   22.74%    failed      0.01%
  58  GB_GCA_943354165.1   26.51%    failed      0.00%
  59  GB_GCA_000991405.1   28.22%    failed      4.44%
  60  GB_GCA_018816645.1   28.32%    failed      0.11%
  61  GB_GCA_903861715.1   24.09%    passed     20.63%
  62  GB_GCA_001785615.1   38.51%    passed     13.01%
  63  GB_GCA_017404725.1   29.71%    passed     44.52%
  64  GB_GCA_000997945.1   30.39%    passed     14.82%
  65  GB_GCA_943359325.1   27.88%    failed      0.00%
  66  GB_GCA_018814945.1   42.09%    failed      2.95%
  67  GB_GCA_023267275.1   33.57%    failed      1.59%
  68  GB_GCA_002787855.1   43.30%    failed      0.20%
  69  GB_GCA_020639315.1   46.32%    failed      0.00%
  70  GB_GCA_020631485.1   20.73%    failed      0.00%
  71  GB_GCA_016186625.1   40.99%    passed     14.96%
  72  GB_GCA_903933735.1   35.67%    failed      0.00%
  73  GB_GCA_016789455.1   24.29%    failed      0.00%
  74  GB_GCA_001821915.1   36.90%    failed      0.00%
  75  GB_GCA_021814825.1   43.89%    failed      0.00%
  76  GB_GCA_001776335.1   33.60%    passed     95.80%
  77  GB_GCA_016860785.1   37.18%    failed      0.01%
  78  GB_GCA_025061805.1   39.42%    failed      0.00%
  79  GB_GCA_002413065.1   36.21%    passed     39.24%
  80  GB_GCA_015489595.1   34.64%    failed      0.00%
  81  GB_GCA_001779535.1   39.86%    failed      2.64%
  82  GB_GCA_004100265.1   27.90%    failed      0.00%
  83  GB_GCA_903870365.1   35.35%    failed      0.18%
  84  GB_GCA_001817115.1   33.05%    failed      0.00%
  85  GB_GCA_002408565.1   34.52%    failed      0.00%
  86  GB_GCA_019248485.1   23.79%    failed      0.00%
  87  GB_GCA_002747975.1   22.76%    failed      0.00%
  88  GB_GCA_020058565.1   48.78%    failed      0.06%
  89  GB_GCA_001781685.1   44.05%    failed      0.00%
  90  GB_GCA_003559635.1   34.08%    failed      0.00%
  91  GB_GCA_018062585.1   31.96%    failed      0.00%
  92  GB_GCA_007376535.1   34.92%    failed      0.00%
  93  GB_GCA_016188975.1   35.81%    passed     22.77%
  94  GB_GCA_001897305.1   26.26%    failed      0.00%
  95  GB_GCA_002793035.1   26.08%    failed      1.11%
  96  GB_GCA_022837635.1   41.95%    failed      0.14%
  97  GB_GCA_001783145.1   23.61%    passed     11.61%
  98  GB_GCA_002788755.1   29.79%    failed      0.30%
  99  GB_GCA_017431465.1   34.40%    passed     25.11%
 100  GB_GCA_014729725.1   25.26%    failed      0.00%
 101  GB_GCA_002772535.1   19.60%    failed      0.64%
 102  GB_GCA_943359365.1   39.15%    passed     10.19%
 103  GB_GCA_016182235.1   47.41%    failed      0.00%
 104  GB_GCA_002293825.1   25.36%    failed      2.30%
 105  GB_GCA_016220165.1   19.48%    failed      0.10%
 106  GB_GCA_013335665.1   38.87%    passed     22.04%
 107  GB_GCA_002402455.1   37.86%    failed      0.00%
 108  GB_GCA_004563595.2   19.07%    failed      0.00%
 109  GB_GCA_016207805.1   23.18%    failed      0.27%
 110  GB_GCA_009995495.1   25.94%    failed      0.00%
 111  GB_GCA_002774185.1   55.39%    failed      0.05%
 112  GB_GCA_943350045.1   41.89%    failed      0.00%
 113  GB_GCA_022560785.1   37.86%    failed      3.86%
 114  GB_GCA_016214465.1   31.46%    passed     35.45%
 115  GB_GCA_021811685.1   60.14%    failed      0.00%
 116  GB_GCA_020148045.1   35.55%    failed      0.00%
 117  GB_GCA_020850635.1   31.70%    failed      0.56%
 118  GB_GCA_002772205.1   42.72%    failed      0.00%
 119  GB_GCA_016217835.1   40.34%    failed      0.22%
 120  GB_GCA_018061945.1   18.89%    failed      0.00%
 121  GB_GCA_023137615.1   33.31%    passed     24.94%
 122  GB_GCA_001824275.1   38.41%    failed      0.00%
 123  GB_GCA_016180435.1   28.28%    failed      0.00%
 124  GB_GCA_023140255.1   32.75%    failed      0.00%
 125  GB_GCA_004297205.1   22.50%    failed      0.00%
 126  GB_GCA_018901555.1   44.53%    failed      0.00%
 127  GB_GCA_903873095.1   42.26%    passed     34.17%
 128  GB_GCA_024653645.1   41.13%    failed      4.37%
WARNING: 6 sequences contain more than 50% gaps/ambiguity
****  TOTAL                34.55%  103 sequences failed composition chi2 test (p-value<5%; df=19)

===> COMPUTING SITE FREQUENCY MODEL BASED ON TREE FILE 02_GTR_c60_g_mwopt.treefile
Reading model definition file 02_GTR_c60_g_mwopt.GTRPMIX.nex ... 87 models and 214 frequency vectors loaded
WARNING: Your input class weight 0.0002 is very small and may cause numerical issues
NOTE: 22269 MB RAM is required!
1. Initial log-likelihood: -587313.678
2. Current log-likelihood: -587064.561
3. Current log-likelihood: -587060.746
Optimal log-likelihood: -587060.744
Mixture weights: 0.011 0.017 0.021 0.011 0.033 0.014 0.003 0.001 0.004 0.053 0.010 0.010 0.010 0.012 0.008 0.017 0.015 0.040 0.039 0.006 0.002 0.034 0.007 0.030 0.007 0.018 0.028 0.041 0.039 0.018 0.006 0.010 0.023 0.033 0.016 0.012 0.007 0.021 0.004 0.011 0.006 0.004 0.018 0.014 0.009 0.000 0.043 0.016 0.010 0.009 0.008 0.014 0.009 0.018 0.060 0.011 0.015 0.016 0.010 0.004
Gamma shape alpha: 1.371
Parameters optimization took 3 rounds (100.006 sec)
Computing posterior mean site frequencies....
Site state frequency vectors printed to 03_sitefreqs_subtree.sitefreq

===> CONTINUE ANALYSIS USING THE INFERRED SITE FREQUENCY MODEL
Reading model definition file 02_GTR_c60_g_mwopt.GTRPMIX.nex ... 87 models and 214 frequency vectors loaded

Create initial parsimony tree by phylogenetic likelihood library (PLL)... 0.290 seconds

NOTE: 414 MB RAM (0 GB) is required!
Estimate model parameters (epsilon = 0.010)
1. Initial log-likelihood: -580197.427
2. Current log-likelihood: -568115.886
3. Current log-likelihood: -567446.327
4. Current log-likelihood: -567434.509
5. Current log-likelihood: -567434.343
Optimal log-likelihood: -567434.340
Gamma shape alpha: 1.365
Parameters optimization took 5 rounds (4.377 sec)
Wrote distance file to... 
BEST SCORE FOUND : -567434.340
Total tree length: 63.312

Total number of iterations: 0
CPU time used for tree search: 0.000 sec (0h:0m:0s)
Wall-clock time used for tree search: 0.000 sec (0h:0m:0s)
Total CPU time used: 265.249 sec (0h:4m:25s)
Total wall-clock time used: 5.664 sec (0h:0m:5s)

Analysis results written to: 
  IQ-TREE report:                03_sitefreqs_subtree.iqtree
  Maximum-likelihood tree:       03_sitefreqs_subtree.treefile
  Screen log file:               03_sitefreqs_subtree.log

Date and Time: Wed Mar 12 09:04:37 2025
