IQ-TREE multicore version 2.4.0 for Linux x86 64-bit built Feb 12 2025
Developed by Bui Quang Minh, Nguyen Lam Tung, Olga Chernomor, Heiko Schmidt,
Dominik Schrempf, Michael Woodhams, Ly Trong Nhan, Thomas Wong

Host:    nova.rsb.anu.edu.au (AVX512, FMA3, 2267 GB RAM)
Command: iqtree -s sub_alignment.faa -m GTR20+C60+G4 --link-exchange --init-exchange q.pfam -te 01_Qpfam_C60G_sub_tree.treefile -me 0.99 -nt 60 -safe -mwopt -pre 02_GTR_c60_g_mwopt
Seed:    789889 (Using SPRNG - Scalable Parallel Random Number Generator)
Time:    Thu Mar 13 12:30:09 2025
Kernel:  Safe AVX+FMA - 60 threads (384 CPU cores detected)

Reading alignment file sub_alignment.faa ... Fasta format detected
Reading fasta file: done in 0.00903554 secs using 99.98% CPU
Alignment most likely contains protein sequences
WARNING: 301 sites contain only gaps or ambiguous characters.
Alignment has 128 sequences with 5037 columns, 4722 distinct patterns
4387 parsimony-informative, 251 singleton sites, 399 constant sites
                    Gap/Ambiguity  Composition  p-value
Analyzing sequences: done in 0.000334147 secs using 5.564e+04% CPU
   1  GB_GCA_013203725.1   36.55%    failed      0.03%
   2  GB_GCA_002352465.1   31.35%    failed      0.00%
   3  GB_GCA_002413795.1   32.42%    failed      0.00%
   4  GB_GCA_000996085.1   32.36%    failed      1.45%
   5  GB_GCA_014238395.1   42.70%    failed      0.00%
   6  GB_GCA_013202715.1   26.54%    failed      0.00%
   7  GB_GCA_013387215.1   39.88%    passed      5.44%
   8  GB_GCA_003694545.1   35.16%    failed      0.00%
   9  GB_GCA_002869235.1   22.87%    failed      1.24%
  10  GB_GCA_013350285.1   19.91%    failed      0.00%
  11  GB_GCA_003518125.1   47.07%    failed      0.00%
  12  GB_GCA_001824215.1   41.14%    failed      0.00%
  13  GB_GCA_002788775.1   20.87%    failed      0.08%
  14  GB_GCA_001775445.1   39.96%    failed      0.00%
  15  GB_GCA_001772255.1   25.43%    failed      0.01%
  16  RS_GCF_010202845.1   24.22%    failed      0.00%
  17  GB_GCA_007375675.1   33.81%    failed      0.78%
  18  GB_GCA_001786015.1   50.82%    failed      0.18%
  19  GB_GCA_903877885.1   29.26%    passed     14.45%
  20  GB_GCA_001784155.1   33.91%    passed      7.76%
  21  GB_GCA_903862375.1   32.44%    failed      0.00%
  22  GB_GCA_903898335.1   33.49%    failed      0.00%
  23  GB_GCA_007376125.1   33.23%    failed      0.00%
  24  GB_GCA_001567365.1   33.25%    passed      8.59%
  25  GB_GCA_002786595.1   51.28%    failed      0.00%
  26  GB_GCA_903886255.1   39.01%    passed     11.64%
  27  RS_GCF_005697565.1   23.72%    failed      0.00%
  28  GB_GCA_010014525.1   28.17%    failed      4.28%
  29  GB_GCA_001780285.1   24.74%    failed      0.00%
  30  GB_GCA_001189195.1   37.48%    failed      0.00%
  31  GB_GCA_002747745.1   22.26%    failed      0.00%
  32  GB_GCA_007131065.1   31.88%    failed      0.00%
  33  GB_GCA_903937035.1   22.67%    failed      0.02%
  34  GB_GCA_012799795.1   34.05%    failed      0.00%
  35  GB_GCA_007129455.1   35.10%    failed      0.00%
  36  GB_GCA_001783255.1   32.58%    passed     37.01%
  37  GB_GCA_004321885.1   25.03%    failed      0.42%
  38  GB_GCA_903824855.1   27.85%    failed      0.83%
  39  GB_GCA_002782345.1   25.93%    failed      0.00%
  40  GB_GCA_002746475.1   62.18%    failed      0.00%
  41  GB_GCA_002391075.1   56.50%    failed      0.00%
  42  GB_GCA_001792115.1   39.31%    failed      2.63%
  43  GB_GCA_003559635.1   33.83%    failed      0.00%
  44  GB_GCA_001785865.1   30.73%    failed      0.13%
  45  GB_GCA_001783565.1   42.05%    failed      0.21%
  46  GB_GCA_009995545.1   32.50%    failed      0.00%
  47  GB_GCA_001781035.1   35.91%    failed      0.00%
  48  GB_GCA_900299395.1   32.56%    failed      0.00%
  49  GB_GCA_002441085.1   53.33%    failed      0.00%
  50  GB_GCA_003561715.1   35.16%    failed      0.00%
  51  GB_GCA_001819555.1   36.55%    failed      0.00%
  52  GB_GCA_001002415.1   44.43%    failed      0.00%
  53  GB_GCA_903944135.1   33.97%    failed      1.98%
  54  GB_GCA_903839695.1   33.55%    failed      0.07%
  55  GB_GCA_002772705.1   40.24%    failed      0.00%
  56  GB_GCA_000999715.1   26.54%    passed     13.19%
  57  GB_GCA_000997405.1   49.79%    failed      4.09%
  58  GB_GCA_002331045.1   26.82%    failed      0.00%
  59  GB_GCA_001776975.1   37.90%    failed      0.16%
  60  GB_GCA_001792305.1   47.29%    failed      0.12%
  61  GB_GCA_003504275.1   31.86%    failed      3.00%
  62  GB_GCA_903821415.1   38.16%    failed      0.12%
  63  GB_GCA_009691435.1   31.07%    failed      0.04%
  64  GB_GCA_002413755.1   29.70%    failed      0.00%
  65  GB_GCA_002401445.1   35.26%    passed     24.32%
  66  GB_GCA_002785065.1   47.03%    failed      0.00%
  67  GB_GCA_003518205.1   41.20%    failed      0.00%
  68  GB_GCA_000997105.1   54.60%    failed      1.14%
  69  GB_GCA_003518045.1   33.02%    failed      2.40%
  70  GB_GCA_002413425.1   26.46%    failed      0.00%
  71  GB_GCA_004322365.1   31.61%    failed      0.00%
  72  GB_GCA_000998185.1   35.87%    passed      5.25%
  73  GB_GCA_001567515.1   50.25%    failed      1.16%
  74  GB_GCA_000503835.1   33.04%    passed     85.21%
  75  RS_GCF_900555425.1   29.92%    failed      0.00%
  76  GB_GCA_001773725.1   45.48%    failed      0.03%
  77  GB_GCA_001001795.1   38.20%    failed      1.00%
  78  GB_GCA_001817635.1   43.88%    failed      2.15%
  79  GB_GCA_001819295.1   44.45%    failed      0.46%
  80  GB_GCA_903891235.1   44.39%    failed      0.00%
  81  GB_GCA_002780235.1   35.46%    failed      0.00%
  82  GB_GCA_003514455.1   32.18%    passed     13.54%
  83  GB_GCA_013336275.1   21.98%    passed     46.97%
  84  GB_GCA_009995455.1   28.75%    failed      0.00%
  85  GB_GCA_001029675.1   30.97%    failed      0.00%
  86  GB_GCA_001803465.1   35.91%    failed      0.00%
  87  GB_GCA_002686365.1   39.25%    failed      1.14%
  88  GB_GCA_001787535.1   23.37%    failed      0.00%
  89  GB_GCA_003155695.1   33.63%    failed      0.04%
  90  GB_GCA_002401925.1   38.12%    failed      0.02%
  91  GB_GCA_903824595.1   30.91%    failed      0.00%
  92  GB_GCA_003231075.1   42.31%    failed      0.75%
  93  GB_GCA_903911245.1   32.82%    passed     32.25%
  94  GB_GCA_001774495.1   32.90%    failed      0.00%
  95  GB_GCA_001001555.1   43.84%    failed      0.01%
  96  GB_GCA_002771565.1   39.71%    failed      0.00%
  97  GB_GCA_002428285.1   43.34%    failed      0.64%
  98  GB_GCA_002773185.1   39.09%    passed      8.64%
  99  GB_GCA_013816135.1   35.99%    failed      0.04%
 100  GB_GCA_903861205.1   32.48%    failed      1.54%
 101  GB_GCA_903827975.1   35.89%    passed     18.16%
 102  GB_GCA_001817215.1   37.03%    failed      0.00%
 103  GB_GCA_000990325.1   31.45%    failed      1.02%
 104  GB_GCA_001003705.1   29.16%    failed      0.00%
 105  GB_GCA_003153355.1   20.19%    failed      0.13%
 106  GB_GCA_013335175.1   33.79%    passed     99.51%
 107  GB_GCA_001794435.1   36.01%    passed      6.69%
 108  GB_GCA_001778695.1   37.11%    failed      0.77%
 109  GB_GCA_001871435.1   34.25%    passed      9.27%
 110  GB_GCA_001029795.1   21.80%    failed      0.00%
 111  GB_GCA_002361595.1   49.06%    failed      0.00%
 112  GB_GCA_002793435.1   37.48%    failed      0.00%
 113  GB_GCA_903850545.1   33.31%    failed      0.00%
 114  GB_GCA_013336225.1   23.33%    failed      4.97%
 115  RS_GCF_010202465.1   24.34%    failed      0.00%
 116  GB_GCA_012510515.1   39.11%    failed      0.00%
 117  GB_GCA_001818675.1   38.08%    failed      0.05%
 118  GB_GCA_000998135.1   29.72%    failed      0.00%
 119  GB_GCA_013333515.2   25.29%    failed      0.00%
 120  GB_GCA_001774075.1   42.62%    passed     37.69%
 121  GB_GCA_001794125.1   33.08%    failed      1.65%
 122  GB_GCA_000999595.1   46.69%    failed      1.96%
 123  GB_GCA_903905325.1   37.88%    passed      6.64%
 124  GB_GCA_014379635.1   45.76%    failed      0.00%
 125  GB_GCA_001789355.1   42.82%    failed      0.01%
 126  GB_GCA_013204345.1   36.37%    failed      0.02%
 127  GB_GCA_002746885.1   24.18%    failed      0.00%
 128  GB_GCA_009694925.1   41.04%    failed      0.00%
WARNING: 7 sequences contain more than 50% gaps/ambiguity
****  TOTAL                35.29%  108 sequences failed composition chi2 test (p-value<5%; df=19)
Reading input tree file 01_Qpfam_C60G_sub_tree.treefile ...
Model GTR20+C60+G4 is alias for GTR20+POISSON+G+FMIX{C60pi1:1:0.0169698865,C60pi2:1:0.0211683374,C60pi3:1:0.0276589079,C60pi4:1:0.0065675964,C60pi5:1:0.0141221416,C60pi6:1:0.0068774834,C60pi7:1:0.0146909701,C60pi8:1:0.0067225777,C60pi9:1:0.0018396660,C60pi10:1:0.0102547197,C60pi11:1:0.0230896163,C60pi12:1:0.0057941033,C60pi13:1:0.0125394534,C60pi14:1:0.0204526478,C60pi15:1:0.0070629602,C60pi16:1:0.0117982741,C60pi17:1:0.0068334668,C60pi18:1:0.0433775839,C60pi19:1:0.0318278731,C60pi20:1:0.0222546108,C60pi21:1:0.0102264969,C60pi22:1:0.0150545891,C60pi23:1:0.0134159878,C60pi24:1:0.0148552065,C60pi25:1:0.0239111516,C60pi26:1:0.0128776278,C60pi27:1:0.0222318842,C60pi28:1:0.0247444742,C60pi29:1:0.0214274810,C60pi30:1:0.0115001882,C60pi31:1:0.0076017389,C60pi32:1:0.0130258568,C60pi33:1:0.0093701965,C60pi34:1:0.0467194264,C60pi35:1:0.0441940314,C60pi36:1:0.0322263154,C60pi37:1:0.0402999891,C60pi38:1:0.0150234227,C60pi39:1:0.0104589903,C60pi40:1:0.0214742395,C60pi41:1:0.0154957836,C60pi42:1:0.0101789953,C60pi43:1:0.0227980379,C60pi44:1:0.0123204539,C60pi45:1:0.0066777583,C60pi46:1:0.0004150083,C60pi47:1:0.0344385130,C60pi48:1:0.0113663379,C60pi49:1:0.0127143049,C60pi50:1:0.0124323741,C60pi51:1:0.0262124415,C60pi52:1:0.0064994957,C60pi53:1:0.0103203293,C60pi54:1:0.0142463512,C60pi55:1:0.0215600067,C60pi56:1:0.0199150700,C60pi57:1:0.0038964200,C60pi58:1:0.0113448855,C60pi59:1:0.0128595846,C60pi60:1:0.0117656776}+G4
WARNING: Your input class weight 0.000415008 is very small and may cause numerical issues
WARNING: Normalizing state frequencies so that sum of them equals to 1
WARNING: Normalizing state frequencies so that sum of them equals to 1
WARNING: Normalizing state frequencies so that sum of them equals to 1
WARNING: Normalizing state frequencies so that sum of them equals to 1
WARNING: Normalizing state frequencies so that sum of them equals to 1
WARNING: Normalizing state frequencies so that sum of them equals to 1
WARNING: Normalizing state frequencies so that sum of them equals to 1
WARNING: Normalizing state frequencies so that sum of them equals to 1
WARNING: Normalizing state frequencies so that sum of them equals to 1
WARNING: Normalizing state frequencies so that sum of them equals to 1
WARNING: Normalizing state frequencies so that sum of them equals to 1
WARNING: Normalizing state frequencies so that sum of them equals to 1
WARNING: Normalizing state frequencies so that sum of them equals to 1
WARNING: Normalizing state frequencies so that sum of them equals to 1
WARNING: Normalizing state frequencies so that sum of them equals to 1
WARNING: Normalizing state frequencies so that sum of them equals to 1
WARNING: Normalizing state frequencies so that sum of them equals to 1
WARNING: Normalizing state frequencies so that sum of them equals to 1
WARNING: Normalizing state frequencies so that sum of them equals to 1
WARNING: Normalizing state frequencies so that sum of them equals to 1
WARNING: Normalizing state frequencies so that sum of them equals to 1
WARNING: Normalizing state frequencies so that sum of them equals to 1
WARNING: Normalizing state frequencies so that sum of them equals to 1
WARNING: Normalizing state frequencies so that sum of them equals to 1
WARNING: Normalizing state frequencies so that sum of them equals to 1
WARNING: Normalizing state frequencies so that sum of them equals to 1
WARNING: Normalizing state frequencies so that sum of them equals to 1
WARNING: Normalizing state frequencies so that sum of them equals to 1
WARNING: Normalizing state frequencies so that sum of them equals to 1
WARNING: Normalizing state frequencies so that sum of them equals to 1
WARNING: Normalizing state frequencies so that sum of them equals to 1
WARNING: Normalizing state frequencies so that sum of them equals to 1
WARNING: Normalizing state frequencies so that sum of them equals to 1
WARNING: Normalizing state frequencies so that sum of them equals to 1
WARNING: Normalizing state frequencies so that sum of them equals to 1
WARNING: Normalizing state frequencies so that sum of them equals to 1
WARNING: Normalizing state frequencies so that sum of them equals to 1
WARNING: Normalizing state frequencies so that sum of them equals to 1
WARNING: Normalizing state frequencies so that sum of them equals to 1
WARNING: Normalizing state frequencies so that sum of them equals to 1
WARNING: Normalizing state frequencies so that sum of them equals to 1
WARNING: Normalizing state frequencies so that sum of them equals to 1
WARNING: Normalizing state frequencies so that sum of them equals to 1
WARNING: Normalizing state frequencies so that sum of them equals to 1
WARNING: Normalizing state frequencies so that sum of them equals to 1
WARNING: Normalizing state frequencies so that sum of them equals to 1
WARNING: Normalizing state frequencies so that sum of them equals to 1
WARNING: Normalizing state frequencies so that sum of them equals to 1
WARNING: Normalizing state frequencies so that sum of them equals to 1
WARNING: Normalizing state frequencies so that sum of them equals to 1
WARNING: Normalizing state frequencies so that sum of them equals to 1
WARNING: Normalizing state frequencies so that sum of them equals to 1
WARNING: Normalizing state frequencies so that sum of them equals to 1
WARNING: Normalizing state frequencies so that sum of them equals to 1
WARNING: Normalizing state frequencies so that sum of them equals to 1
WARNING: Normalizing state frequencies so that sum of them equals to 1
WARNING: Normalizing state frequencies so that sum of them equals to 1
WARNING: Normalizing state frequencies so that sum of them equals to 1
WARNING: Normalizing state frequencies so that sum of them equals to 1
WARNING: Normalizing state frequencies so that sum of them equals to 1

NOTE: 22516 MB RAM (21 GB) is required!
Estimate model parameters (epsilon = 0.990)
1. Initial log-likelihood: -585344.567
2. Current log-likelihood: -578386.913
3. Current log-likelihood: -577581.033
4. Current log-likelihood: -577346.167
5. Current log-likelihood: -577263.326
6. Current log-likelihood: -577244.524
7. Current log-likelihood: -577239.589
8. Current log-likelihood: -577235.926
Optimal log-likelihood: -577234.933
Mixture weights: 0.011 0.018 0.026 0.012 0.045 0.012 0.004 0.002 0.003 0.043 0.007 0.005 0.008 0.015 0.008 0.017 0.016 0.039 0.049 0.005 0.000 0.028 0.007 0.024 0.010 0.019 0.029 0.050 0.047 0.022 0.003 0.009 0.024 0.026 0.018 0.019 0.005 0.021 0.003 0.010 0.003 0.004 0.017 0.012 0.012 0.000 0.038 0.013 0.013 0.010 0.006 0.009 0.009 0.020 0.056 0.014 0.009 0.017 0.010 0.006
Gamma shape alpha: 1.362
Parameters optimization took 8 rounds (4820.195 sec)
Wrote distance file to... 
BEST SCORE FOUND : -577234.933
Total tree length: 68.180

Total number of iterations: 0
CPU time used for tree search: 0.000 sec (0h:0m:0s)
Wall-clock time used for tree search: 0.000 sec (0h:0m:0s)
Total CPU time used: 266182.608 sec (73h:56m:22s)
Total wall-clock time used: 4820.233 sec (1h:20m:20s)

Analysis results written to: 
  IQ-TREE report:                02_GTR_c60_g_mwopt.iqtree
  Maximum-likelihood tree:       02_GTR_c60_g_mwopt.treefile
  Screen log file:               02_GTR_c60_g_mwopt.log
  GTRPMIX nex file:              02_GTR_c60_g_mwopt.GTRPMIX.nex

Date and Time: Thu Mar 13 13:50:32 2025
