IQ-TREE multicore version 2.4.0 for Linux x86 64-bit built Feb 12 2025
Developed by Bui Quang Minh, Nguyen Lam Tung, Olga Chernomor, Heiko Schmidt,
Dominik Schrempf, Michael Woodhams, Ly Trong Nhan, Thomas Wong

Host:    nova.rsb.anu.edu.au (AVX512, FMA3, 2267 GB RAM)
Command: iqtree -s alignment.faa -ft 04_PMSF_tree_iteration1.treefile -m GTRPMIX+FMIX{C60pi1:1.0000:0.0113,C60pi2:1.0000:0.0180,C60pi3:1.0000:0.0260,C60pi4:1.0000:0.0117,C60pi5:1.0000:0.0452,C60pi6:1.0000:0.0119,C60pi7:1.0000:0.0037,C60pi8:1.0000:0.0018,C60pi9:1.0000:0.0035,C60pi10:1.0000:0.0434,C60pi11:1.0000:0.0072,C60pi12:1.0000:0.0053,C60pi13:1.0000:0.0081,C60pi14:1.0000:0.0151,C60pi15:1.0000:0.0080,C60pi16:1.0000:0.0167,C60pi17:1.0000:0.0161,C60pi18:1.0000:0.0393,C60pi19:1.0000:0.0485,C60pi20:1.0000:0.0047,C60pi21:1.0000:0.0005,C60pi22:1.0000:0.0276,C60pi23:1.0000:0.0067,C60pi24:1.0000:0.0243,C60pi25:1.0000:0.0097,C60pi26:1.0000:0.0192,C60pi27:1.0000:0.0293,C60pi28:1.0000:0.0499,C60pi29:1.0000:0.0470,C60pi30:1.0000:0.0217,C60pi31:1.0000:0.0029,C60pi32:1.0000:0.0095,C60pi33:1.0000:0.0237,C60pi34:1.0000:0.0256,C60pi35:1.0000:0.0182,C60pi36:1.0000:0.0187,C60pi37:1.0000:0.0051,C60pi38:1.0000:0.0209,C60pi39:1.0000:0.0032,C60pi40:1.0000:0.0105,C60pi41:1.0000:0.0029,C60pi42:1.0000:0.0044,C60pi43:1.0000:0.0168,C60pi44:1.0000:0.0121,C60pi45:1.0000:0.0124,C60pi46:1.0000:0.0003,C60pi47:1.0000:0.0377,C60pi48:1.0000:0.0127,C60pi49:1.0000:0.0134,C60pi50:1.0000:0.0105,C60pi51:1.0000:0.0064,C60pi52:1.0000:0.0093,C60pi53:1.0000:0.0086,C60pi54:1.0000:0.0201,C60pi55:1.0000:0.0563,C60pi56:1.0000:0.0135,C60pi57:1.0000:0.0094,C60pi58:1.0000:0.0173,C60pi59:1.0000:0.0105,C60pi60:1.0000:0.0056}+G4 -mdef 02_GTR_c60_g_mwopt.GTRPMIX.nex -nt 60 -safe -pre 05_sitefreqs_iteration2 -n 0
Seed:    607519 (Using SPRNG - Scalable Parallel Random Number Generator)
Time:    Thu Mar 13 22:23:40 2025
Kernel:  Safe AVX+FMA - 60 threads (384 CPU cores detected)

Reading alignment file alignment.faa ... Fasta format detected
Reading fasta file: done in 0.221304 secs using 82.47% CPU
Alignment most likely contains protein sequences
WARNING: 43 sites contain only gaps or ambiguous characters.
Alignment has 1601 sequences with 5037 columns, 4910 distinct patterns
4749 parsimony-informative, 98 singleton sites, 190 constant sites
                    Gap/Ambiguity  Composition  p-value
Analyzing sequences: done in 0.00176443 secs using 5257% CPU
   1  GB_GCA_003154375.1   23.57%    passed     68.60%
   2  GB_GCA_003173995.1   59.70%    passed      8.23%
   3  GB_GCA_001787205.1   34.37%    failed      0.00%
   4  GB_GCA_002363515.1   41.79%    failed      0.56%
   5  GB_GCA_000999175.1   49.93%    passed      5.22%
   6  GB_GCA_903854645.1   39.55%    failed      0.01%
   7  GB_GCA_002788395.1   37.44%    failed      0.22%
   8  GB_GCA_002422305.1   25.11%    failed      0.00%
   9  GB_GCA_000995125.1   45.34%    failed      0.91%
  10  GB_GCA_003560355.1   51.32%    failed      0.00%
  11  GB_GCA_001794525.1   48.24%    passed     55.50%
  12  GB_GCA_001000545.1   51.82%    passed      7.61%
  13  GB_GCA_002687175.1   28.55%    failed      0.10%
  14  GB_GCA_002305925.1   23.72%    failed      3.22%
  15  GB_GCA_001822575.1   47.75%    passed      6.53%
  16  GB_GCA_001791465.1   46.91%    failed      0.00%
  17  GB_GCA_001816655.1   32.16%    passed     23.55%
  18  GB_GCA_009885085.1   30.63%    passed     33.31%
  19  GB_GCA_003173865.1   33.91%    failed      0.00%
  20  GB_GCA_014376695.1   50.74%    failed      0.00%
  21  GB_GCA_002778705.1   30.57%    passed      5.62%
  22  GB_GCA_002773535.1   35.66%    passed     44.47%
  23  GB_GCA_903840015.1   31.59%    failed      0.00%
  24  GB_GCA_012514175.1   33.35%    failed      0.00%
  25  GB_GCA_001791275.1   29.78%    failed      0.00%
  26  GB_GCA_903842085.1   24.32%    passed      7.01%
  27  GB_GCA_002402995.1   28.83%    failed      0.00%
  28  GB_GCA_013203725.1   36.55%    failed      0.04%
  29  GB_GCA_903837075.1   44.75%    failed      3.75%
  30  GB_GCA_000993405.1   41.18%    passed      9.47%
  31  GB_GCA_002352465.1   31.35%    failed      0.00%
  32  GB_GCA_002774705.1   32.74%    failed      0.00%
  33  GB_GCA_000997385.1   36.51%    passed      5.97%
  34  GB_GCA_003056085.1   33.04%    failed      0.00%
  35  GB_GCA_002306315.1   34.09%    failed      0.00%
  36  GB_GCA_001776275.1   51.64%    passed      9.34%
  37  GB_GCA_002771585.1   41.47%    failed      0.13%
  38  GB_GCA_002413795.1   32.42%    failed      0.00%
  39  GB_GCA_903868205.1   34.60%    failed      0.00%
  40  GB_GCA_003133385.1   25.17%    failed      0.00%
  41  GB_GCA_002792395.1   32.02%    passed     16.04%
  42  GB_GCA_011370485.1   54.93%    failed      0.00%
  43  GB_GCA_001778285.1   31.09%    failed      0.28%
  44  GB_GCA_007376385.1   28.59%    failed      0.00%
  45  GB_GCA_001001285.1   37.36%    failed      0.12%
  46  GB_GCA_001001705.1   41.53%    failed      2.98%
  47  GB_GCA_000996085.1   32.36%    failed      2.72%
  48  GB_GCA_001822675.1   37.82%    failed      0.56%
  49  GB_GCA_000993615.1   18.26%    failed      0.00%
  50  GB_GCA_001818235.1   28.63%    failed      2.94%
  51  GB_GCA_001780775.1   33.31%    failed      0.00%
  52  GB_GCA_014238395.1   42.70%    failed      0.00%
  53  GB_GCA_000999465.1   33.87%    passed      7.79%
  54  GB_GCA_014237915.1   29.98%    failed      0.00%
  55  GB_GCA_002791255.1   35.22%    failed      0.00%
  56  GB_GCA_003557645.1   36.15%    failed      0.00%
  57  GB_GCA_011373805.1   37.98%    failed      0.00%
  58  GB_GCA_002070055.1   23.84%    failed      0.03%
  59  GB_GCA_000989565.1   28.11%    failed      0.00%
  60  GB_GCA_001824135.1   44.97%    failed      0.80%
  61  GB_GCA_013202715.1   26.54%    failed      0.00%
  62  GB_GCA_903929735.1   29.92%    failed      0.00%
  63  GB_GCA_001791325.1   24.34%    failed      0.00%
  64  GB_GCA_013815775.1   26.66%    failed      0.00%
  65  GB_GCA_007375645.1   33.19%    failed      0.01%
  66  GB_GCA_013387215.1   39.88%    failed      3.49%
  67  GB_GCA_001779575.1   47.95%    failed      0.00%
  68  GB_GCA_903826185.1   44.93%    failed      1.33%
  69  GB_GCA_009694835.1   39.23%    failed      0.00%
  70  GB_GCA_001430885.1   21.24%    failed      0.00%
  71  RS_GCF_007845165.1   46.02%    failed      2.96%
  72  GB_GCA_003247275.1   43.60%    failed      0.41%
  73  GB_GCA_002482925.1   38.99%    failed      0.01%
  74  GB_GCA_001002135.1   28.97%    failed      0.00%
  75  GB_GCA_903933735.1   35.68%    failed      0.00%
  76  GB_GCA_002305115.1   45.05%    passed     68.30%
  77  GB_GCA_001001375.1   42.80%    failed      0.02%
  78  GB_GCA_001820875.1   31.94%    failed      3.23%
  79  GB_GCA_003694545.1   35.16%    failed      0.00%
  80  GB_GCA_903824735.1   40.82%    failed      2.58%
  81  GB_GCA_903884345.1   33.63%    failed      0.00%
  82  GB_GCA_001773695.1   40.74%    failed      0.00%
  83  GB_GCA_002792165.1   39.75%    failed      0.00%
  84  GB_GCA_002434005.1   41.85%    failed      0.00%
  85  GB_GCA_002440905.1   36.37%    failed      0.02%
  86  GB_GCA_001787465.1   38.57%    failed      0.00%
  87  GB_GCA_001786955.1   31.76%    failed      0.49%
  88  GB_GCA_903891365.1   47.87%    failed      0.37%
  89  GB_GCA_903889905.1   14.06%    failed      0.00%
  90  GB_GCA_903900775.1   33.95%    failed      0.00%
  91  GB_GCA_903918125.1   44.85%    failed      2.12%
  92  GB_GCA_001776335.1   33.51%    passed     29.28%
  93  GB_GCA_003250375.1   40.34%    failed      3.88%
  94  GB_GCA_001783525.1   31.45%    failed      0.00%
  95  GB_GCA_903876815.1   28.31%    failed      0.00%
  96  GB_GCA_001778275.1   47.73%    failed      0.05%
  97  GB_GCA_003599135.1   40.26%    failed      0.00%
  98  GB_GCA_002382075.1   45.84%    failed      0.07%
  99  GB_GCA_002792735.1   17.93%    failed      0.00%
 100  GB_GCA_002050095.1   44.47%    failed      0.00%
 101  GB_GCA_002787695.1   35.72%    failed      3.40%
 102  GB_GCA_002791275.1   23.88%    passed     41.27%
 103  GB_GCA_001004905.1   36.09%    failed      0.00%
 104  GB_GCA_001791305.1   25.11%    passed      9.39%
 105  GB_GCA_001781555.1   38.02%    failed      0.00%
 106  GB_GCA_903872785.1   38.51%    failed      0.43%
 107  GB_GCA_001795975.1   47.33%    failed      0.17%
 108  GB_GCA_002306295.1   55.95%    failed      0.00%
 109  GB_GCA_001001625.1   50.39%    passed      6.38%
 110  GB_GCA_002430725.1   32.76%    failed      0.13%
 111  GB_GCA_001816835.1   36.27%    passed     10.37%
 112  GB_GCA_003245875.1   35.83%    failed      0.00%
 113  GB_GCA_002773285.1   30.34%    failed      0.00%
 114  GB_GCA_001818695.1   42.01%    failed      0.33%
 115  GB_GCA_001816585.1   30.97%    failed      0.00%
 116  GB_GCA_012797775.1   24.62%    failed      3.66%
 117  GB_GCA_002784945.1   21.50%    failed      0.02%
 118  GB_GCA_002452735.1   34.70%    failed      0.00%
 119  RS_GCF_007845205.1   48.56%    passed      7.29%
 120  GB_GCA_000503875.1   32.70%    failed      0.00%
 121  GB_GCA_002869235.1   22.87%    failed      0.75%
 122  GB_GCA_002305195.1   59.60%    failed      0.00%
 123  GB_GCA_001001045.1   43.97%    failed      0.43%
 124  RS_GCF_013099195.1   24.80%    failed      0.00%
 125  GB_GCA_009695015.1   47.11%    passed     16.24%
 126  GB_GCA_002348615.1   26.21%    failed      0.00%
 127  GB_GCA_001777455.1   46.42%    passed     10.76%
 128  GB_GCA_001820095.1   33.33%    failed      0.01%
 129  GB_GCA_000996245.1   24.36%    failed      0.60%
 130  GB_GCA_001786825.1   62.06%    passed     16.17%
 131  GB_GCA_007130415.1   46.89%    failed      0.31%
 132  GB_GCA_002315165.1   39.47%    failed      1.69%
 133  GB_GCA_000998025.1   50.76%    passed     10.35%
 134  GB_GCA_013350285.1   19.91%    failed      0.00%
 135  GB_GCA_002780305.1   40.20%    failed      0.23%
 136  GB_GCA_002378195.1   31.33%    passed     12.78%
 137  GB_GCA_001774395.1   34.84%    failed      0.00%
 138  GB_GCA_002773095.1   26.48%    failed      0.00%
 139  GB_GCA_001791645.1   25.23%    failed      0.00%
 140  GB_GCA_009777625.1   32.50%    failed      0.00%
 141  GB_GCA_003534085.1   44.43%    failed      0.00%
 142  GB_GCA_003518125.1   47.07%    failed      0.00%
 143  GB_GCA_000989765.1   36.97%    failed      2.35%
 144  GB_GCA_001819815.1   29.96%    failed      0.00%
 145  RS_GCF_013099015.1   24.62%    failed      0.00%
 146  GB_GCA_001784695.1   32.92%    failed      0.04%
 147  GB_GCA_007375735.1   25.03%    failed      0.00%
 148  GB_GCA_001820935.1   40.62%    failed      0.04%
 149  GB_GCA_903959355.1   37.96%    failed      0.03%
 150  GB_GCA_001781465.1   36.23%    failed      0.13%
 151  GB_GCA_002293705.1   51.38%    failed      0.04%
 152  GB_GCA_000996035.1   36.59%    failed      0.13%
 153  GB_GCA_001789805.1   41.06%    passed     33.49%
 154  GB_GCA_001775095.1   31.53%    passed      8.07%
 155  GB_GCA_012800885.1   34.21%    failed      0.00%
 156  GB_GCA_002793835.1   47.43%    failed      0.35%
 157  GB_GCA_903848795.1   34.70%    passed      7.15%
 158  GB_GCA_003519445.1   37.48%    passed     14.80%
 159  GB_GCA_002413065.1   36.07%    passed     13.84%
 160  GB_GCA_001783335.1   33.15%    failed      0.00%
 161  GB_GCA_002796025.1   24.80%    failed      3.89%
 162  GB_GCA_001824215.1   41.14%    failed      0.00%
 163  GB_GCA_002771135.1   33.10%    failed      0.38%
 164  GB_GCA_000991135.1   34.48%    failed      0.00%
 165  GB_GCA_001822215.1   38.57%    failed      0.00%
 166  GB_GCA_001785575.1   52.15%    failed      0.84%
 167  RS_GCF_005697215.1   24.40%    failed      0.00%
 168  GB_GCA_903851045.1   31.21%    failed      0.00%
 169  GB_GCA_002923195.1   32.20%    failed      0.00%
 170  GB_GCA_003962975.1   23.11%    failed      0.00%
 171  GB_GCA_002787075.1   35.30%    passed     19.29%
 172  GB_GCA_003173855.1   35.70%    failed      2.29%
 173  GB_GCA_011330845.1   32.86%    failed      0.00%
 174  GB_GCA_001773455.1   28.91%    passed      5.73%
 175  GB_GCA_002421785.1   27.56%    failed      0.00%
 176  GB_GCA_001873625.1   26.19%    failed      0.00%
 177  GB_GCA_903854795.1   29.08%    failed      0.00%
 178  GB_GCA_011055625.1   41.47%    failed      0.00%
 179  GB_GCA_903840375.1   36.41%    failed      0.00%
 180  GB_GCA_903881205.1   38.81%    failed      0.01%
 181  GB_GCA_007376145.1   30.57%    failed      0.00%
 182  GB_GCA_903835075.1   30.71%    failed      0.01%
 183  GB_GCA_002299795.1   44.31%    failed      0.00%
 184  GB_GCA_004298345.1   39.33%    failed      1.69%
 185  GB_GCA_003565105.1   32.60%    failed      0.00%
 186  GB_GCA_009923445.1   26.05%    failed      0.00%
 187  GB_GCA_903907175.1   35.38%    failed      0.00%
 188  GB_GCA_003597955.1   23.66%    failed      0.00%
 189  GB_GCA_007376425.1   47.83%    failed      0.01%
 190  GB_GCA_002788775.1   20.87%    failed      0.11%
 191  GB_GCA_001785985.1   30.97%    failed      0.27%
 192  GB_GCA_001775445.1   39.96%    failed      0.00%
 193  GB_GCA_001772255.1   25.43%    failed      0.02%
 194  GB_GCA_001790515.1   24.70%    failed      0.00%
 195  GB_GCA_002839745.1   29.96%    failed      0.00%
 196  GB_GCA_002773845.1   28.13%    passed     16.69%
 197  RS_GCF_010202845.1   24.22%    failed      0.00%
 198  GB_GCA_903864935.1   30.85%    passed     88.99%
 199  GB_GCA_012514355.1   41.06%    failed      0.00%
 200  GB_GCA_003509895.1   31.82%    failed      0.00%
 201  GB_GCA_903952435.1   25.35%    failed      0.04%
 202  GB_GCA_903858755.1   32.48%    failed      0.00%
 203  GB_GCA_009778015.1   48.88%    failed      0.00%
 204  GB_GCA_903822115.1   27.22%    failed      0.00%
 205  GB_GCA_002477545.1   37.38%    failed      0.17%
 206  GB_GCA_001777055.1   37.80%    passed      8.28%
 207  GB_GCA_001776905.1   36.13%    passed     54.92%
 208  GB_GCA_903819895.1   33.53%    failed      0.00%
 209  GB_GCA_001873565.1   21.76%    failed      0.05%
 210  GB_GCA_003022255.1   52.87%    failed      0.00%
 211  GB_GCA_000992395.1   37.70%    failed      0.00%
 212  GB_GCA_001824295.1   37.80%    failed      0.33%
 213  GB_GCA_002376865.1   36.65%    failed      0.01%
 214  GB_GCA_000999315.1   16.93%    failed      0.21%
 215  GB_GCA_003566255.1   39.49%    failed      0.00%
 216  GB_GCA_009924895.1   29.06%    failed      0.00%
 217  GB_GCA_001189165.1   36.25%    passed      5.20%
 218  GB_GCA_002305355.1   34.80%    failed      0.00%
 219  GB_GCA_000996895.1   33.31%    passed     28.58%
 220  GB_GCA_007116405.1   41.69%    failed      0.00%
 221  GB_GCA_007375675.1   33.81%    failed      0.86%
 222  GB_GCA_903825315.1   20.75%    failed      0.00%
 223  GB_GCA_001794055.1   35.78%    failed      0.33%
 224  GB_GCA_003556525.1   38.28%    failed      0.00%
 225  GB_GCA_903821365.1   23.92%    failed      0.00%
 226  GB_GCA_001789965.1   36.31%    failed      0.33%
 227  GB_GCA_903900685.1   25.57%    failed      0.00%
 228  GB_GCA_903894565.1   27.10%    failed      0.01%
 229  GB_GCA_001001925.1   37.64%    failed      3.76%
 230  GB_GCA_002688135.1   33.27%    failed      1.97%
 231  GB_GCA_002772695.1   30.99%    failed      0.00%
 232  GB_GCA_001784875.1   26.90%    failed      0.00%
 233  GB_GCA_001029775.1   31.55%    failed      0.00%
 234  GB_GCA_002335355.1   48.98%    failed      0.14%
 235  GB_GCA_002376945.1   36.77%    failed      0.00%
 236  GB_GCA_002294445.1   46.52%    passed      7.98%
 237  GB_GCA_903946795.1   28.01%    failed      0.00%
 238  GB_GCA_001788565.1   33.00%    failed      0.00%
 239  GB_GCA_003518055.1   25.85%    passed     36.17%
 240  GB_GCA_013204395.1   26.86%    failed      1.21%
 241  GB_GCA_001824825.1   33.33%    passed      8.63%
 242  GB_GCA_002686445.1   39.88%    failed      0.00%
 243  GB_GCA_002414185.1   41.49%    failed      0.00%
 244  GB_GCA_009691385.1   43.04%    failed      0.00%
 245  GB_GCA_004296925.1   35.40%    failed      0.12%
 246  GB_GCA_001818155.1   23.82%    failed      0.33%
 247  GB_GCA_903834665.1   35.85%    failed      0.00%
 248  GB_GCA_002306345.1   37.18%    failed      0.00%
 249  GB_GCA_002422915.1   25.51%    failed      0.00%
 250  GB_GCA_002773355.1   35.36%    failed      0.00%
 251  GB_GCA_014240275.1   27.91%    failed      0.00%
 252  GB_GCA_903945435.1   24.74%    passed     17.26%
 253  GB_GCA_001790815.1   28.25%    failed      0.19%
 254  GB_GCA_003230945.1   38.38%    failed      0.00%
 255  GB_GCA_002786495.1   28.33%    failed      0.00%
 256  GB_GCA_007116965.1   55.75%    failed      0.00%
 257  GB_GCA_012031925.1   51.88%    failed      0.00%
 258  GB_GCA_001786015.1   50.82%    failed      0.22%
 259  GB_GCA_002327845.1   35.66%    failed      0.00%
 260  GB_GCA_003104935.1   21.66%    passed     16.07%
 261  GB_GCA_007375785.1   38.55%    failed      0.00%
 262  GB_GCA_903953935.1   38.36%    failed      0.00%
 263  GB_GCA_002747515.1   23.94%    failed      0.32%
 264  GB_GCA_903877885.1   29.26%    passed     11.07%
 265  GB_GCA_007133095.1   24.58%    failed      0.04%
 266  GB_GCA_903874345.1   25.75%    passed     68.44%
 267  GB_GCA_002793515.1   26.42%    failed      0.21%
 268  GB_GCA_002336935.1   26.48%    failed      0.00%
 269  GB_GCA_903842445.1   25.23%    failed      0.00%
 270  GB_GCA_903836325.1   27.77%    failed      0.00%
 271  GB_GCA_001784155.1   33.91%    passed      8.76%
 272  GB_GCA_009691405.1   26.40%    failed      0.00%
 273  GB_GCA_001785355.1   32.32%    failed      0.00%
 274  GB_GCA_002790635.1   40.36%    failed      0.00%
 275  GB_GCA_000989675.1   35.28%    failed      0.00%
 276  GB_GCA_002293845.1   35.42%    failed      0.00%
 277  GB_GCA_013204405.1   38.87%    failed      3.16%
 278  GB_GCA_009694865.1   37.76%    passed      5.46%
 279  GB_GCA_004100265.1   28.45%    failed      0.00%
 280  GB_GCA_001786995.1   45.70%    failed      3.89%
 281  GB_GCA_903847095.1   34.33%    failed      0.18%
 282  GB_GCA_002401345.1   31.69%    failed      0.00%
 283  GB_GCA_903893855.1   36.77%    passed     13.58%
 284  GB_GCA_903899655.1   26.52%    failed      0.00%
 285  GB_GCA_903859375.1   29.34%    failed      0.00%
 286  GB_GCA_011334485.1   38.06%    failed      0.00%
 287  GB_GCA_002778965.1   30.69%    failed      0.00%
 288  GB_GCA_001825115.1   38.18%    failed      4.73%
 289  GB_GCA_002780135.1   44.13%    failed      1.03%
 290  GB_GCA_002787355.1   22.95%    passed      8.54%
 291  GB_GCA_001777995.1   34.54%    failed      0.80%
 292  GB_GCA_003539915.1   39.35%    failed      1.88%
 293  GB_GCA_903862375.1   32.44%    failed      0.00%
 294  GB_GCA_002869205.1   28.45%    passed      6.67%
 295  GB_GCA_009691305.1   24.88%    failed      0.00%
 296  GB_GCA_007375535.1   35.60%    failed      3.56%
 297  GB_GCA_001782975.1   40.30%    failed      0.00%
 298  GB_GCA_001821135.1   34.54%    failed      0.00%
 299  GB_GCA_001784725.1   36.85%    failed      0.00%
 300  GB_GCA_001819605.1   43.10%    failed      0.00%
 301  GB_GCA_903898335.1   33.49%    failed      0.00%
 302  GB_GCA_903854455.1   31.86%    failed      0.00%
 303  GB_GCA_001029635.1   31.84%    passed     70.30%
 304  GB_GCA_007376125.1   33.23%    failed      0.01%
 305  GB_GCA_002792135.1   35.70%    failed      0.00%
 306  GB_GCA_011322135.1   34.66%    failed      0.09%
 307  GB_GCA_903841185.1   28.47%    failed      1.09%
 308  GB_GCA_001781445.1   40.24%    failed      0.00%
 309  GB_GCA_002441145.1   30.43%    failed      0.00%
 310  GB_GCA_002345745.1   27.54%    failed      0.02%
 311  GB_GCA_013203415.1   34.96%    passed     13.63%
 312  GB_GCA_002331185.1   37.18%    failed      3.12%
 313  GB_GCA_000992085.1   33.25%    passed     14.93%
 314  GB_GCA_002402535.1   51.02%    failed      0.01%
 315  GB_GCA_001567365.1   33.25%    passed      8.10%
 316  GB_GCA_001189095.1   37.07%    failed      0.00%
 317  GB_GCA_002774875.1   23.70%    failed      0.00%
 318  GB_GCA_009785325.1   40.38%    failed      3.09%
 319  GB_GCA_001001345.1   30.57%    failed      0.09%
 320  GB_GCA_903891335.1   35.24%    failed      0.00%
 321  GB_GCA_903825265.1   45.88%    failed      0.00%
 322  GB_GCA_001785445.1   32.86%    failed      0.18%
 323  GB_GCA_001816695.1   38.99%    failed      3.41%
 324  GB_GCA_903851135.1   24.52%    passed     20.43%
 325  GB_GCA_001818835.1   45.19%    failed      2.24%
 326  GB_GCA_012798315.1   35.20%    passed     16.72%
 327  GB_GCA_002772455.1   39.23%    failed      0.00%
 328  GB_GCA_002773415.1   37.96%    passed     19.45%
 329  GB_GCA_903908595.1   20.49%    failed      1.44%
 330  GB_GCA_001773385.1   33.25%    passed     14.03%
 331  GB_GCA_903846945.1   33.45%    failed      1.25%
 332  GB_GCA_002793035.1   26.05%    failed      0.15%
 333  GB_GCA_002786595.1   51.28%    failed      0.00%
 334  GB_GCA_903870365.1   35.38%    failed      0.02%
 335  GB_GCA_002400405.1   30.16%    failed      0.00%
 336  GB_GCA_000995185.1   40.26%    failed      1.82%
 337  GB_GCA_013203625.1   46.85%    failed      0.00%
 338  GB_GCA_000992325.1   35.32%    failed      2.43%
 339  RS_GCF_900556355.1   63.01%    failed      0.06%
 340  GB_GCA_013333405.2   33.53%    passed     14.91%
 341  GB_GCA_001820485.1   35.14%    failed      0.00%
 342  GB_GCA_000998425.1   37.13%    passed     23.88%
 343  GB_GCA_007375915.1   39.83%    passed     43.21%
 344  GB_GCA_003056145.1   24.06%    failed      0.00%
 345  GB_GCA_903824515.1   24.02%    passed     17.65%
 346  GB_GCA_005239895.1   32.34%    failed      0.00%
 347  GB_GCA_001817685.1   46.26%    failed      0.80%
 348  GB_GCA_002839505.1   17.27%    failed      0.34%
 349  GB_GCA_903913365.1   32.82%    passed     11.86%
 350  GB_GCA_003524745.1   27.71%    failed      0.11%
 351  GB_GCA_011333995.1   36.83%    failed      0.00%
 352  GB_GCA_011331835.1   32.30%    failed      0.00%
 353  GB_GCA_002419125.1   42.43%    failed      0.00%
 354  RS_GCF_900556885.1   32.14%    failed      0.00%
 355  GB_GCA_012515645.1   36.93%    failed      0.00%
 356  GB_GCA_007376135.1   21.60%    failed      0.00%
 357  GB_GCA_002070355.1   35.46%    failed      0.00%
 358  GB_GCA_001784055.1   37.18%    passed     17.45%
 359  GB_GCA_903886255.1   39.01%    passed     10.36%
 360  GB_GCA_003553505.1   57.02%    failed      0.00%
 361  GB_GCA_001779195.1   33.71%    passed     32.54%
 362  GB_GCA_001817115.1   32.76%    failed      0.00%
 363  GB_GCA_012511375.1   40.46%    failed      0.00%
 364  GB_GCA_001789645.1   38.93%    failed      0.00%
 365  GB_GCA_003487265.1   30.79%    failed      0.00%
 366  GB_GCA_001818355.1   31.35%    passed     11.16%
 367  GB_GCA_903892035.1   27.85%    failed      0.00%
 368  GB_GCA_001775475.1   40.34%    failed      0.00%
 369  GB_GCA_001773135.1   33.79%    passed     18.76%
 370  GB_GCA_001818435.1   32.80%    failed      0.01%
 371  RS_GCF_005697565.1   23.72%    failed      0.00%
 372  GB_GCA_002071685.1   33.99%    failed      0.05%
 373  GB_GCA_003505155.1   29.70%    failed      0.00%
 374  GB_GCA_002408565.1   34.70%    failed      0.00%
 375  GB_GCA_008015855.1   45.27%    failed      0.00%
 376  GB_GCA_002787255.1   37.66%    failed      0.00%
 377  GB_GCA_001793155.1   45.32%    passed     14.37%
 378  GB_GCA_903864905.1   34.07%    failed      1.55%
 379  GB_GCA_003599255.1   38.51%    passed     17.82%
 380  GB_GCA_010014525.1   28.17%    passed      5.18%
 381  RS_GCF_000392435.1   23.61%    failed      0.00%
 382  GB_GCA_001819095.1   35.56%    failed      0.00%
 383  GB_GCA_001781435.1   40.42%    failed      0.00%
 384  GB_GCA_001782165.1   37.05%    failed      1.89%
 385  GB_GCA_903893485.1   27.95%    failed      0.00%
 386  GB_GCA_001889965.1   20.93%    failed      2.81%
 387  GB_GCA_001789855.1   46.62%    passed     14.55%
 388  GB_GCA_001776545.1   30.61%    failed      2.50%
 389  GB_GCA_003501255.1   35.56%    failed      0.00%
 390  GB_GCA_001780285.1   24.74%    failed      0.00%
 391  GB_GCA_003510795.1   31.11%    failed      0.00%
 392  GB_GCA_003497135.1   31.01%    failed      4.10%
 393  GB_GCA_900299405.1   45.72%    failed      0.00%
 394  GB_GCA_002773495.1   35.85%    failed      0.00%
 395  GB_GCA_903825105.1   37.01%    failed      0.18%
 396  GB_GCA_002793745.1   54.77%    passed     38.21%
 397  GB_GCA_003647605.1   54.50%    failed      0.00%
 398  GB_GCA_002787035.1   24.14%    failed      0.00%
 399  GB_GCA_001002765.1   24.84%    failed      0.00%
 400  GB_GCA_003561025.1   39.55%    failed      0.00%
 401  GB_GCA_002335495.1   32.18%    failed      0.00%
 402  GB_GCA_001823605.1   34.84%    failed      0.00%
 403  GB_GCA_001189195.1   37.48%    failed      0.00%
 404  GB_GCA_002335145.1   23.03%    failed      0.00%
 405  GB_GCA_002747745.1   22.26%    failed      0.00%
 406  GB_GCA_013334765.1   22.97%    failed      0.00%
 407  GB_GCA_001001185.1   41.89%    failed      0.00%
 408  GB_GCA_003153395.1   24.30%    failed      0.00%
 409  GB_GCA_001784435.1   24.68%    passed      9.44%
 410  GB_GCA_001780955.1   44.01%    failed      1.21%
 411  GB_GCA_007375995.1   36.03%    failed      0.00%
 412  GB_GCA_007131065.1   31.88%    failed      0.00%
 413  GB_GCA_001787035.1   36.23%    failed      2.81%
 414  GB_GCA_002780795.1   36.81%    failed      0.00%
 415  GB_GCA_002783265.1   21.28%    failed      0.00%
 416  GB_GCA_013152165.1   31.96%    failed      0.00%
 417  GB_GCA_001003605.1   34.39%    failed      0.04%
 418  GB_GCA_002344425.1   26.58%    passed     89.42%
 419  GB_GCA_013791585.1   22.24%    failed      0.00%
 420  GB_GCA_003231925.1   33.21%    failed      0.08%
 421  GB_GCA_001779115.1   36.53%    failed      0.77%
 422  GB_GCA_001785725.1   40.14%    failed      0.19%
 423  GB_GCA_903861015.1   34.54%    failed      0.00%
 424  GB_GCA_002340425.1   33.11%    failed      0.00%
 425  GB_GCA_002747975.1   22.55%    failed      0.00%
 426  GB_GCA_002718715.1   22.24%    failed      0.00%
 427  GB_GCA_002793915.1   28.65%    failed      0.00%
 428  GB_GCA_903937035.1   22.67%    failed      0.01%
 429  GB_GCA_013333695.2   36.95%    failed      0.00%
 430  GB_GCA_003484955.1   37.82%    failed      0.17%
 431  GB_GCA_000994815.1   43.97%    failed      4.41%
 432  GB_GCA_003229735.1   36.69%    failed      0.00%
 433  GB_GCA_003507475.1   35.14%    failed      0.00%
 434  GB_GCA_001821765.1   31.49%    failed      0.02%
 435  GB_GCA_001781105.1   33.49%    failed      0.00%
 436  GB_GCA_009785095.1   31.59%    failed      0.00%
 437  GB_GCA_001822075.1   32.50%    failed      0.00%
 438  GB_GCA_001816455.1   43.90%    failed      4.27%
 439  GB_GCA_001786225.1   48.44%    passed     43.91%
 440  GB_GCA_002771035.1   19.30%    failed      0.00%
 441  GB_GCA_012799795.1   34.05%    failed      0.00%
 442  GB_GCA_002778535.1   35.93%    failed      0.00%
 443  GB_GCA_002421965.1   28.85%    failed      0.00%
 444  GB_GCA_008363075.1   24.80%    failed      0.00%
 445  GB_GCA_007129455.1   35.10%    failed      0.00%
 446  GB_GCA_001788965.1   26.66%    failed      0.00%
 447  RS_GCF_900555265.1   27.40%    failed      0.00%
 448  GB_GCA_001794215.1   32.06%    passed     57.95%
 449  GB_GCA_001779095.1   38.55%    failed      0.00%
 450  GB_GCA_001004265.1   45.09%    failed      0.00%
 451  GB_GCA_903830625.1   35.18%    passed     95.19%
 452  GB_GCA_000992695.1   23.11%    failed      0.00%
 453  GB_GCA_001189215.1   39.31%    failed      0.00%
 454  GB_GCA_001783255.1   32.58%    passed     24.13%
 455  GB_GCA_001822655.1   37.92%    failed      0.00%
 456  GB_GCA_001787405.1   33.45%    failed      0.01%
 457  GB_GCA_000990445.1   48.54%    failed      1.16%
 458  GB_GCA_004321885.1   25.03%    failed      0.61%
 459  GB_GCA_903848275.1   26.40%    failed      0.00%
 460  GB_GCA_001818775.1   27.99%    failed      0.40%
 461  GB_GCA_903824855.1   27.85%    failed      0.36%
 462  GB_GCA_001816645.1   42.51%    passed      5.38%
 463  GB_GCA_002782345.1   25.93%    failed      0.00%
 464  GB_GCA_002327685.1   37.42%    passed      6.02%
 465  GB_GCA_003545435.1   40.92%    passed     11.69%
 466  GB_GCA_001772865.1   34.39%    failed      0.68%
 467  GB_GCA_001816385.1   39.15%    failed      0.09%
 468  GB_GCA_001779505.1   42.66%    failed      0.00%
 469  GB_GCA_002746475.1   62.18%    failed      0.00%
 470  GB_GCA_001781685.1   44.27%    failed      0.00%
 471  GB_GCA_001794025.1   42.01%    passed     34.52%
 472  GB_GCA_002391075.1   56.50%    failed      0.00%
 473  GB_GCA_001782085.1   40.16%    failed      1.37%
 474  GB_GCA_001776195.1   33.31%    failed      0.01%
 475  GB_GCA_001821475.1   35.74%    failed      0.00%
 476  GB_GCA_001774455.1   49.51%    failed      0.00%
 477  GB_GCA_903891735.1   56.80%    failed      0.00%
 478  GB_GCA_009781895.1   28.11%    failed      0.03%
 479  GB_GCA_002293685.1   25.03%    passed     20.93%
 480  GB_GCA_903915735.1   40.70%    failed      0.00%
 481  GB_GCA_001873215.1   32.70%    failed      1.32%
 482  GB_GCA_003512705.1   30.12%    failed      0.00%
 483  GB_GCA_002724975.1   38.20%    failed      0.00%
 484  GB_GCA_001792115.1   39.31%    failed      4.56%
 485  GB_GCA_013694995.1   28.05%    passed     11.27%
 486  GB_GCA_000991205.1   42.96%    failed      0.00%
 487  RS_GCF_007845355.1   38.61%    failed      0.00%
 488  GB_GCA_003559635.1   33.83%    failed      0.00%
 489  GB_GCA_001817765.1   48.94%    failed      2.76%
 490  GB_GCA_001789695.1   37.46%    failed      0.00%
 491  GB_GCA_001817495.1   31.76%    failed      0.00%
 492  GB_GCA_011682355.1   40.34%    failed      0.00%
 493  GB_GCA_001776785.1   35.87%    failed      1.82%
 494  GB_GCA_001821935.1   40.34%    failed      0.77%
 495  GB_GCA_000999395.1   46.46%    failed      0.87%
 496  GB_GCA_002328565.1   29.14%    failed      0.00%
 497  GB_GCA_002426885.1   24.10%    failed      0.00%
 498  GB_GCA_000999025.1   29.32%    failed      0.00%
 499  GB_GCA_007376445.1   31.65%    passed     58.42%
 500  GB_GCA_014377245.1   35.78%    failed      0.00%
 501  GB_GCA_001774555.1   42.07%    failed      0.08%
 502  GB_GCA_011327765.1   28.89%    failed      0.00%
 503  GB_GCA_002783105.1   31.71%    passed      7.74%
 504  GB_GCA_009776375.1   31.41%    failed      0.00%
 505  GB_GCA_001791115.1   39.27%    failed      0.00%
 506  GB_GCA_002413835.1   25.05%    failed      0.00%
 507  GB_GCA_001785865.1   30.73%    failed      0.04%
 508  GB_GCA_002791475.1   52.43%    failed      0.00%
 509  GB_GCA_001783565.1   42.05%    failed      0.35%
 510  GB_GCA_013333795.2   37.94%    failed      0.00%
 511  GB_GCA_007376535.1   34.74%    failed      0.00%
 512  GB_GCA_001819875.1   32.14%    failed      0.00%
 513  GB_GCA_001567355.1   33.27%    failed      0.01%
 514  GB_GCA_009995545.1   32.50%    failed      0.00%
 515  GB_GCA_001820955.1   37.01%    passed      7.62%
 516  GB_GCA_004297215.1   23.59%    failed      0.00%
 517  GB_GCA_002351365.1   44.17%    failed      2.25%
 518  GB_GCA_009992235.1   24.92%    failed      0.00%
 519  GB_GCA_000990005.1   39.37%    failed      0.73%
 520  GB_GCA_011330905.1   43.82%    failed      0.01%
 521  GB_GCA_001897305.1   25.99%    failed      0.00%
 522  GB_GCA_001778985.1   31.98%    failed      0.00%
 523  GB_GCA_002412935.1   27.79%    failed      0.00%
 524  GB_GCA_001817065.1   27.28%    failed      0.00%
 525  GB_GCA_009885355.1   32.32%    failed      1.73%
 526  GB_GCA_903837125.1   27.42%    failed      0.15%
 527  GB_GCA_011050075.1   38.00%    failed      0.02%
 528  GB_GCA_001783065.1   28.23%    passed     32.36%
 529  GB_GCA_903937325.1   30.95%    passed      8.52%
 530  GB_GCA_000997475.1   38.73%    failed      0.00%
 531  GB_GCA_003514005.1   21.78%    failed      0.04%
 532  GB_GCA_002789015.1   31.17%    failed      0.03%
 533  GB_GCA_001823105.1   42.98%    failed      0.00%
 534  GB_GCA_012513575.1   28.79%    failed      0.00%
 535  GB_GCA_007375925.1   46.97%    failed      0.00%
 536  GB_GCA_001781035.1   35.91%    failed      0.00%
 537  GB_GCA_001873165.1   28.21%    failed      0.27%
 538  GB_GCA_002429375.1   65.91%    failed      0.05%
 539  GB_GCA_002779665.1   47.87%    failed      0.00%
 540  GB_GCA_903839715.1   38.95%    failed      0.08%
 541  GB_GCA_013815345.1   33.93%    failed      0.00%
 542  GB_GCA_903840315.1   24.68%    failed      0.01%
 543  GB_GCA_002305205.1   47.39%    failed      0.00%
 544  GB_GCA_001793865.1   39.17%    passed     31.01%
 545  GB_GCA_001791425.1   43.32%    failed      0.00%
 546  GB_GCA_007376295.1   24.98%    passed     39.83%
 547  GB_GCA_000995415.1   37.68%    failed      0.00%
 548  GB_GCA_903863425.1   26.98%    passed      5.24%
 549  GB_GCA_903888345.1   26.64%    passed     42.81%
 550  RS_GCF_004151455.1   26.74%    failed      0.06%
 551  GB_GCA_001818365.1   40.72%    failed      0.00%
 552  GB_GCA_000998045.1   38.87%    failed      0.19%
 553  GB_GCA_002773655.1   34.31%    failed      0.03%
 554  GB_GCA_001823315.1   44.31%    failed      0.00%
 555  GB_GCA_002393165.1   42.47%    failed      1.70%
 556  GB_GCA_001817915.1   34.09%    failed      0.08%
 557  GB_GCA_900299395.1   32.56%    failed      0.00%
 558  GB_GCA_003557065.1   39.90%    failed      0.00%
 559  GB_GCA_002793635.1   47.87%    failed      0.00%
 560  GB_GCA_001790575.1   31.53%    failed      0.00%
 561  GB_GCA_003518105.1   42.31%    failed      0.00%
 562  RS_GCF_013100805.1   24.26%    failed      0.00%
 563  GB_GCA_002771515.1   35.10%    failed      0.00%
 564  GB_GCA_002413705.1   39.88%    failed      1.39%
 565  GB_GCA_009694955.1   38.16%    failed      0.08%
 566  GB_GCA_005239605.1   41.33%    failed      0.00%
 567  GB_GCA_009786195.1   35.18%    failed      0.01%
 568  GB_GCA_900299155.1   35.38%    failed      0.00%
 569  GB_GCA_903918235.1   35.72%    failed      0.00%
 570  GB_GCA_003559065.1   42.27%    failed      0.00%
 571  GB_GCA_014383885.1   33.85%    failed      0.00%
 572  GB_GCA_001823535.1   31.49%    passed      5.69%
 573  GB_GCA_000993685.1   39.51%    passed      7.12%
 574  GB_GCA_001873665.1   47.59%    failed      0.48%
 575  GB_GCA_002773755.1   47.95%    failed      0.10%
 576  GB_GCA_001780275.1   22.99%    failed      2.59%
 577  GB_GCA_001772665.1   37.20%    passed     23.49%
 578  GB_GCA_001778905.1   34.17%    failed      0.00%
 579  GB_GCA_903832635.1   26.07%    failed      0.62%
 580  GB_GCA_000995135.1   38.89%    passed      9.26%
 581  GB_GCA_001783355.1   53.48%    failed      0.01%
 582  GB_GCA_001824275.1   38.48%    failed      0.00%
 583  GB_GCA_001821915.1   37.09%    failed      0.00%
 584  GB_GCA_003554445.1   36.41%    failed      0.00%
 585  GB_GCA_001785515.1   41.81%    failed      0.00%
 586  GB_GCA_001819335.1   48.04%    failed      0.20%
 587  GB_GCA_903954165.1   31.13%    failed      1.38%
 588  GB_GCA_002774285.1   38.69%    failed      1.18%
 589  GB_GCA_903827265.1   24.64%    failed      0.00%
 590  GB_GCA_001787005.1   32.92%    failed      0.95%
 591  GB_GCA_000996605.1   42.70%    failed      2.32%
 592  GB_GCA_002778735.1   41.55%    failed      0.00%
 593  GB_GCA_002773545.1   44.61%    failed      0.00%
 594  GB_GCA_002371895.1   29.86%    failed      0.94%
 595  GB_GCA_903839895.1   43.00%    failed      0.00%
 596  GB_GCA_002441085.1   53.33%    failed      0.00%
 597  GB_GCA_003561715.1   35.16%    failed      0.00%
 598  GB_GCA_009691555.1   31.01%    failed      0.08%
 599  GB_GCA_002685955.1   42.31%    failed      0.00%
 600  GB_GCA_001822815.1   26.90%    failed      4.31%
 601  GB_GCA_001783145.1   23.45%    failed      0.35%
 602  GB_GCA_007376405.1   33.73%    passed     15.63%
 603  GB_GCA_002788755.1   29.58%    failed      0.16%
 604  GB_GCA_002784625.1   41.04%    failed      0.00%
 605  GB_GCA_003507445.1   24.54%    failed      0.02%
 606  GB_GCA_001781175.1   42.13%    failed      0.00%
 607  GB_GCA_001774995.1   51.16%    failed      0.06%
 608  GB_GCA_001789555.1   41.59%    failed      1.53%
 609  GB_GCA_903854195.1   36.53%    passed     21.94%
 610  GB_GCA_002840365.1   27.36%    failed      0.00%
 611  GB_GCA_003531665.1   38.04%    failed      1.11%
 612  GB_GCA_002423555.1   39.01%    failed      0.00%
 613  GB_GCA_002347605.1   33.57%    failed      0.00%
 614  GB_GCA_012797845.1   30.40%    failed      0.00%
 615  GB_GCA_011332705.1   29.96%    failed      0.00%
 616  GB_GCA_007376395.1   37.64%    failed      0.44%
 617  GB_GCA_007117675.1   41.59%    passed     73.52%
 618  GB_GCA_001795795.1   36.89%    passed     37.34%
 619  GB_GCA_001825155.1   41.95%    failed      1.27%
 620  GB_GCA_001778545.1   37.76%    failed      0.00%
 621  GB_GCA_012798565.1   25.65%    passed      7.65%
 622  GB_GCA_001819555.1   36.55%    failed      0.00%
 623  GB_GCA_000503915.1   24.14%    failed      0.00%
 624  GB_GCA_001772575.1   46.12%    failed      0.00%
 625  GB_GCA_001778595.1   38.50%    failed      4.07%
 626  GB_GCA_001002415.1   44.43%    failed      0.00%
 627  GB_GCA_003647675.1   33.87%    failed      0.00%
 628  GB_GCA_003542615.1   40.10%    failed      0.21%
 629  GB_GCA_003229135.1   49.79%    failed      0.00%
 630  GB_GCA_001007975.1   35.14%    failed      0.00%
 631  GB_GCA_001001485.1   40.86%    passed     17.33%
 632  GB_GCA_002698305.1   48.22%    passed     27.18%
 633  GB_GCA_007375655.1   52.45%    failed      0.00%
 634  GB_GCA_001819145.1   45.50%    failed      0.00%
 635  GB_GCA_003453595.1   24.18%    passed     36.15%
 636  GB_GCA_001004665.1   43.50%    failed      0.00%
 637  GB_GCA_001825335.1   46.79%    failed      0.00%
 638  GB_GCA_013374835.1   38.12%    failed      0.01%
 639  GB_GCA_002796205.1   39.03%    failed      0.01%
 640  GB_GCA_001776635.1   36.95%    failed      0.76%
 641  GB_GCA_007279775.1   53.90%    failed      0.00%
 642  GB_GCA_002366615.1   39.37%    failed      0.00%
 643  GB_GCA_903858295.1   25.03%    failed      3.70%
 644  GB_GCA_000991415.1   35.70%    failed      0.00%
 645  RS_GCF_007845485.1   28.81%    failed      0.20%
 646  GB_GCA_001029755.1   37.01%    failed      0.04%
 647  GB_GCA_903944135.1   33.97%    failed      3.24%
 648  RS_GCF_004138455.1   33.31%    failed      0.00%
 649  GB_GCA_013336285.1   26.88%    failed      0.00%
 650  GB_GCA_011371605.1   44.43%    failed      0.00%
 651  GB_GCA_003231955.1   31.31%    failed      0.07%
 652  GB_GCA_003545655.1   43.84%    failed      0.00%
 653  RS_GCF_900557595.1   48.40%    failed      0.00%
 654  GB_GCA_002789465.1   42.82%    failed      0.02%
 655  GB_GCA_007376485.1   30.20%    passed     50.98%
 656  GB_GCA_001823065.1   32.42%    passed      9.14%
 657  GB_GCA_002861585.1   40.28%    failed      0.00%
 658  GB_GCA_012515515.1   32.28%    failed      0.00%
 659  GB_GCA_003482885.1   31.55%    failed      0.00%
 660  GB_GCA_007375595.1   31.84%    failed      0.04%
 661  GB_GCA_002772645.1   37.11%    failed      0.00%
 662  GB_GCA_001817755.1   41.31%    failed      0.81%
 663  GB_GCA_001787125.1   35.99%    failed      1.49%
 664  GB_GCA_902761145.1   29.68%    failed      0.23%
 665  GB_GCA_002772535.1   19.83%    failed      0.00%
 666  GB_GCA_002784465.1   44.57%    failed      1.34%
 667  GB_GCA_903839695.1   33.55%    failed      0.02%
 668  GB_GCA_001873465.1   42.47%    failed      0.00%
 669  GB_GCA_014377695.1   31.69%    failed      0.00%
 670  GB_GCA_014377525.1   27.60%    failed      0.00%
 671  GB_GCA_002710785.1   32.96%    failed      0.00%
 672  GB_GCA_011333785.1   34.45%    failed      0.02%
 673  GB_GCA_002413865.1   28.77%    failed      0.00%
 674  GB_GCA_002793355.1   38.02%    passed     35.18%
 675  GB_GCA_001774105.1   32.72%    failed      1.75%
 676  GB_GCA_001782645.1   45.27%    failed      1.62%
 677  GB_GCA_002389285.1   24.28%    failed      0.00%
 678  GB_GCA_001783595.1   36.05%    failed      0.01%
 679  GB_GCA_009787015.1   27.95%    failed      0.00%
 680  GB_GCA_001787455.1   39.07%    failed      0.90%
 681  GB_GCA_001567305.1   36.97%    passed     11.92%
 682  GB_GCA_903831305.1   30.93%    passed      6.41%
 683  GB_GCA_002307715.1   36.45%    failed      3.09%
 684  GB_GCA_001818705.1   42.90%    passed     20.39%
 685  GB_GCA_001786195.1   32.06%    failed      0.88%
 686  GB_GCA_002328805.1   47.49%    failed      0.00%
 687  GB_GCA_002773945.1   32.96%    failed      0.00%
 688  GB_GCA_002327585.1   36.37%    failed      0.00%
 689  GB_GCA_903847465.1   25.81%    failed      0.14%
 690  GB_GCA_002772705.1   40.24%    failed      0.00%
 691  GB_GCA_903920485.1   40.16%    passed      6.14%
 692  GB_GCA_000999715.1   26.54%    passed     20.31%
 693  GB_GCA_002331495.1   39.37%    failed      0.06%
 694  GB_GCA_001779235.1   40.38%    passed     11.96%
 695  GB_GCA_903872035.1   34.88%    passed     24.33%
 696  GB_GCA_903832035.1   28.71%    failed      0.39%
 697  GB_GCA_001788295.1   38.32%    failed      0.00%
 698  GB_GCA_001795695.1   35.10%    passed     24.01%
 699  GB_GCA_903870305.1   39.05%    failed      0.00%
 700  GB_GCA_003142075.1   33.08%    failed      0.00%
 701  GB_GCA_002293825.1   25.13%    failed      2.49%
 702  GB_GCA_001004005.1   44.49%    passed      5.98%
 703  GB_GCA_000996355.1   23.68%    failed      0.00%
 704  GB_GCA_007135955.1   29.56%    failed      0.00%
 705  GB_GCA_001783035.1   34.41%    passed     28.44%
 706  GB_GCA_002774425.1   23.61%    failed      0.00%
 707  GB_GCA_003246575.1   25.53%    failed      0.00%
 708  GB_GCA_000997405.1   49.79%    failed      3.41%
 709  GB_GCA_002430735.1   35.85%    passed      5.97%
 710  GB_GCA_001823155.1   43.36%    failed      0.00%
 711  GB_GCA_001775555.1   43.28%    failed      0.00%
 712  GB_GCA_001773255.1   34.41%    passed     32.38%
 713  GB_GCA_001871165.1   30.20%    passed     60.91%
 714  GB_GCA_002084955.1   34.88%    failed      0.00%
 715  GB_GCA_012800155.1   25.83%    failed      0.01%
 716  GB_GCA_002771355.1   39.86%    failed      0.03%
 717  GB_GCA_903854535.1   33.99%    failed      0.00%
 718  GB_GCA_002781785.1   23.98%    failed      2.78%
 719  GB_GCA_002404195.1   31.03%    failed      0.00%
 720  GB_GCA_002331045.1   26.82%    failed      0.00%
 721  GB_GCA_903845295.1   38.46%    failed      0.00%
 722  GB_GCA_001871445.1   27.44%    failed      0.14%
 723  GB_GCA_003510895.1   39.41%    failed      0.00%
 724  GB_GCA_010014665.1   35.99%    failed      0.60%
 725  GB_GCA_001779455.1   40.40%    failed      0.07%
 726  GB_GCA_007376265.1   32.78%    failed      0.21%
 727  GB_GCA_009695005.1   40.70%    failed      2.98%
 728  GB_GCA_002255585.1   35.32%    failed      0.00%
 729  GB_GCA_001821155.1   44.97%    failed      0.00%
 730  GB_GCA_002791035.1   39.47%    failed      1.80%
 731  GB_GCA_002348605.1   30.83%    failed      0.00%
 732  GB_GCA_009885285.1   30.73%    passed     86.15%
 733  GB_GCA_001786835.1   46.38%    failed      0.00%
 734  GB_GCA_001771135.1   27.16%    failed      0.00%
 735  GB_GCA_013332965.2   33.57%    failed      0.37%
 736  GB_GCA_003543115.1   24.94%    failed      0.00%
 737  GB_GCA_001776975.1   37.90%    failed      0.13%
 738  GB_GCA_001792305.1   47.29%    failed      0.12%
 739  GB_GCA_002784365.1   45.11%    failed      0.00%
 740  GB_GCA_903880655.1   30.16%    failed      0.54%
 741  GB_GCA_002441425.1   32.38%    failed      0.00%
 742  GB_GCA_903913175.1   34.27%    failed      0.00%
 743  GB_GCA_002345725.1   51.88%    failed      3.40%
 744  GB_GCA_001779955.1   32.82%    passed     50.44%
 745  GB_GCA_001783515.1   33.97%    failed      0.00%
 746  GB_GCA_009694965.1   43.54%    failed      0.04%
 747  GB_GCA_013316435.1   37.84%    passed      6.41%
 748  GB_GCA_005239655.1   49.24%    failed      0.00%
 749  GB_GCA_004136275.1   26.70%    failed      0.00%
 750  GB_GCA_013335665.1   38.59%    passed     19.30%
 751  GB_GCA_013152035.1   38.28%    failed      2.06%
 752  GB_GCA_002434805.1   33.00%    failed      0.00%
 753  GB_GCA_007375725.1   25.09%    failed      0.00%
 754  GB_GCA_002304845.1   51.06%    failed      0.02%
 755  GB_GCA_001777655.1   28.59%    failed      1.66%
 756  GB_GCA_002784505.1   48.30%    passed     67.27%
 757  RS_GCF_010202115.1   23.72%    failed      0.00%
 758  GB_GCA_001792535.1   38.95%    failed      3.19%
 759  GB_GCA_002313515.1   27.77%    failed      0.00%
 760  GB_GCA_003599625.1   46.30%    passed     28.49%
 761  GB_GCA_003504275.1   31.86%    failed      2.10%
 762  GB_GCA_002793015.1   29.12%    passed     21.03%
 763  GB_GCA_001788215.1   47.03%    failed      0.37%
 764  GB_GCA_001782075.1   34.27%    failed      0.11%
 765  GB_GCA_001003855.1   35.80%    failed      1.46%
 766  GB_GCA_001004085.1   58.94%    failed      4.06%
 767  GB_GCA_903837175.1   26.48%    passed     24.65%
 768  GB_GCA_004374725.1   38.63%    failed      0.00%
 769  GB_GCA_903862255.1   44.61%    passed     11.68%
 770  GB_GCA_002402455.1   38.32%    failed      0.00%
 771  GB_GCA_003514055.1   35.22%    passed     26.76%
 772  GB_GCA_002772545.1   35.06%    failed      0.00%
 773  GB_GCA_001793095.1   40.04%    passed     23.41%
 774  GB_GCA_903821415.1   38.16%    failed      0.04%
 775  GB_GCA_003056165.1   28.03%    failed      0.00%
 776  GB_GCA_003516025.1   23.21%    failed      0.00%
 777  GB_GCA_903857825.1   32.96%    failed      2.02%
 778  GB_GCA_001786095.1   49.47%    passed     35.47%
 779  GB_GCA_009691435.1   31.07%    failed      0.06%
 780  GB_GCA_000993205.1   35.46%    failed      3.09%
 781  GB_GCA_002429325.1   33.77%    failed      0.00%
 782  GB_GCA_002773575.1   29.80%    failed      0.01%
 783  GB_GCA_002749055.1   25.91%    failed      0.00%
 784  GB_GCA_003599205.1   35.40%    failed      4.36%
 785  GB_GCA_001793895.1   35.68%    passed     11.01%
 786  RS_GCF_010202645.1   24.64%    failed      0.00%
 787  GB_GCA_001781205.1   29.72%    failed      0.00%
 788  GB_GCA_903878275.1   33.71%    passed      9.57%
 789  GB_GCA_003157295.1   34.17%    passed     32.56%
 790  GB_GCA_009691505.1   36.21%    failed      0.26%
 791  GB_GCA_003231675.1   40.00%    failed      0.01%
 792  GB_GCA_002788805.1   39.33%    failed      0.00%
 793  GB_GCA_009885205.1   39.86%    failed      0.96%
 794  GB_GCA_001818015.1   41.43%    failed      0.04%
 795  GB_GCA_001776775.1   30.36%    passed     15.60%
 796  GB_GCA_903907165.1   32.10%    passed     29.06%
 797  GB_GCA_903934015.1   25.07%    failed      0.00%
 798  GB_GCA_001821295.1   31.63%    failed      0.03%
 799  GB_GCA_011047195.1   23.61%    failed      0.00%
 800  GB_GCA_014379165.1   40.62%    failed      0.05%
 801  GB_GCA_004100325.1   25.63%    failed      0.00%
 802  GB_GCA_004322205.1   37.74%    failed      0.00%
 803  GB_GCA_001790525.1   25.87%    failed      0.00%
 804  GB_GCA_001029695.1   23.61%    failed      0.00%
 805  GB_GCA_002774415.1   33.67%    failed      0.25%
 806  GB_GCA_002923395.1   33.00%    failed      0.00%
 807  GB_GCA_001824745.1   32.30%    failed      0.00%
 808  GB_GCA_002413755.1   29.70%    failed      0.00%
 809  GB_GCA_004563595.2   19.14%    failed      0.00%
 810  GB_GCA_002792355.1   42.35%    failed      0.00%
 811  GB_GCA_002401445.1   35.26%    passed     21.33%
 812  GB_GCA_009839685.1   32.90%    failed      0.00%
 813  GB_GCA_007376345.1   43.22%    failed      0.07%
 814  GB_GCA_013824265.1   18.84%    failed      0.01%
 815  GB_GCA_001821055.1   34.29%    passed     39.83%
 816  GB_GCA_001781415.1   31.84%    failed      0.00%
 817  GB_GCA_001793235.1   41.67%    failed      1.61%
 818  GB_GCA_903904095.1   31.29%    failed      4.22%
 819  GB_GCA_001823545.1   31.96%    passed     13.81%
 820  GB_GCA_001818895.1   49.53%    failed      0.00%
 821  GB_GCA_002381485.1   36.49%    failed      0.00%
 822  GB_GCA_000990565.1   44.69%    failed      0.00%
 823  GB_GCA_903869975.1   35.85%    failed      0.04%
 824  GB_GCA_002785065.1   47.03%    failed      0.00%
 825  GB_GCA_001821555.1   33.15%    failed      0.00%
 826  GB_GCA_001782805.1   26.01%    failed      1.01%
 827  GB_GCA_903958115.1   39.05%    passed     11.85%
 828  GB_GCA_004145215.1   31.15%    failed      0.00%
 829  GB_GCA_001791045.1   26.33%    failed      0.00%
 830  GB_GCA_001772805.1   46.34%    failed      0.00%
 831  RS_GCF_004138395.1   30.10%    passed     34.56%
 832  GB_GCA_009995495.1   26.31%    failed      0.00%
 833  GB_GCA_002470645.1   23.70%    failed      0.00%
 834  GB_GCA_001821395.1   28.27%    failed      0.15%
 835  GB_GCA_002350545.1   33.63%    passed     34.06%
 836  GB_GCA_903825325.1   43.46%    failed      3.59%
 837  GB_GCA_003518205.1   41.20%    failed      0.00%
 838  GB_GCA_001789395.1   32.86%    failed      0.00%
 839  GB_GCA_001781625.1   48.38%    failed      0.00%
 840  GB_GCA_002770755.1   38.12%    failed      0.09%
 841  GB_GCA_013359225.1   22.87%    passed     17.68%
 842  GB_GCA_001777515.1   27.95%    passed     13.85%
 843  GB_GCA_903850725.1   35.36%    failed      0.00%
 844  GB_GCA_002774185.1   55.79%    passed      8.44%
 845  GB_GCA_000997105.1   54.60%    failed      1.46%
 846  GB_GCA_002328465.1   47.77%    failed      0.00%
 847  GB_GCA_003483925.1   19.71%    failed      0.00%
 848  GB_GCA_003056205.1   31.13%    failed      0.00%
 849  GB_GCA_002772605.1   37.13%    failed      0.00%
 850  RS_GCF_004138405.1   39.83%    passed     22.65%
 851  GB_GCA_002793115.1   37.60%    failed      0.00%
 852  GB_GCA_001002285.1   32.56%    failed      0.00%
 853  GB_GCA_002070735.1   28.77%    passed      5.30%
 854  GB_GCA_003518045.1   33.02%    failed      1.36%
 855  GB_GCA_002441585.1   30.69%    failed      0.00%
 856  GB_GCA_903864515.1   41.10%    passed     23.93%
 857  GB_GCA_013204385.1   27.75%    passed      5.90%
 858  GB_GCA_002747955.1   35.72%    failed      0.00%
 859  GB_GCA_001783465.1   42.45%    failed      0.00%
 860  GB_GCA_001824325.1   34.13%    failed      0.00%
 861  GB_GCA_001776475.1   46.46%    failed      1.87%
 862  GB_GCA_001823055.1   40.80%    passed     87.59%
 863  GB_GCA_001781125.1   34.01%    failed      0.00%
 864  GB_GCA_001822095.1   35.83%    failed      0.00%
 865  GB_GCA_001816475.1   40.38%    failed      3.03%
 866  GB_GCA_001818495.1   22.30%    failed      0.01%
 867  GB_GCA_001782475.1   39.03%    failed      0.90%
 868  GB_GCA_001823875.1   37.90%    passed     26.80%
 869  GB_GCA_009783235.1   29.68%    failed      0.10%
 870  GB_GCA_002771015.1   35.95%    passed     27.24%
 871  GB_GCA_002413425.1   26.46%    failed      0.00%
 872  GB_GCA_903923535.1   35.16%    failed      0.00%
 873  GB_GCA_000990585.1   24.26%    failed      0.00%
 874  GB_GCA_013333135.2   34.17%    passed     14.20%
 875  GB_GCA_001778635.1   40.96%    failed      0.01%
 876  GB_GCA_903870235.1   50.92%    passed     13.50%
 877  GB_GCA_002434045.1   27.06%    failed      0.00%
 878  GB_GCA_001002325.1   38.65%    failed      0.04%
 879  GB_GCA_002316545.1   26.52%    failed      0.00%
 880  GB_GCA_001782675.1   36.33%    failed      0.16%
 881  GB_GCA_001789745.1   41.06%    failed      0.00%
 882  GB_GCA_000992015.1   40.64%    failed      0.00%
 883  GB_GCA_002305675.1   33.97%    failed      1.39%
 884  GB_GCA_003021915.1   47.43%    failed      0.00%
 885  GB_GCA_002774555.1   48.10%    failed      0.00%
 886  GB_GCA_000990305.1   47.71%    failed      0.00%
 887  GB_GCA_004322365.1   31.61%    failed      0.00%
 888  GB_GCA_002451235.1   40.12%    failed      0.00%
 889  GB_GCA_002782365.1   41.65%    failed      0.00%
 890  GB_GCA_012800315.1   26.48%    failed      0.73%
 891  GB_GCA_002327335.1   46.36%    failed      0.01%
 892  GB_GCA_903854335.1   21.20%    failed      0.00%
 893  GB_GCA_001775055.1   32.82%    failed      2.98%
 894  GB_GCA_002422025.1   32.30%    failed      0.00%
 895  GB_GCA_903945195.1   32.16%    failed      0.63%
 896  GB_GCA_002070095.1   25.37%    failed      0.14%
 897  GB_GCA_002305475.1   33.91%    passed     48.83%
 898  GB_GCA_001788795.1   20.47%    failed      0.62%
 899  GB_GCA_002293855.1   33.06%    passed     52.73%
 900  GB_GCA_903904195.1   31.15%    failed      0.00%
 901  GB_GCA_010119145.1   19.26%    failed      0.00%
 902  GB_GCA_001824435.1   31.19%    failed      0.06%
 903  GB_GCA_001872485.1   34.86%    failed      0.00%
 904  GB_GCA_903906305.1   29.10%    failed      0.00%
 905  GB_GCA_014238475.1   59.04%    failed      0.00%
 906  GB_GCA_001787585.1   30.57%    failed      0.00%
 907  GB_GCA_001824375.1   41.45%    failed      0.00%
 908  GB_GCA_002382025.1   45.40%    failed      0.00%
 909  GB_GCA_000998185.1   35.87%    passed      8.49%
 910  GB_GCA_001784805.1   24.12%    failed      0.00%
 911  GB_GCA_903824155.1   34.66%    failed      0.01%
 912  GB_GCA_002686465.1   46.93%    failed      0.04%
 913  GB_GCA_001823165.1   39.57%    failed      0.00%
 914  GB_GCA_001821455.1   43.97%    failed      0.00%
 915  GB_GCA_001443025.1   39.92%    failed      0.00%
 916  GB_GCA_903882905.1   31.84%    failed      0.00%
 917  GB_GCA_001567515.1   50.25%    failed      1.17%
 918  GB_GCA_001790455.1   36.29%    failed      0.01%
 919  GB_GCA_903859365.1   24.76%    failed      0.66%
 920  GB_GCA_003022365.1   21.42%    failed      0.00%
 921  GB_GCA_001794605.1   41.99%    passed     53.34%
 922  GB_GCA_002429425.1   46.50%    passed     18.42%
 923  GB_GCA_011620305.1   43.82%    failed      0.00%
 924  GB_GCA_000503835.1   33.04%    passed     78.80%
 925  GB_GCA_007376185.1   38.44%    failed      0.00%
 926  GB_GCA_004298405.1   24.62%    failed      0.00%
 927  GB_GCA_009691315.1   39.33%    failed      0.00%
 928  GB_GCA_002476865.1   33.55%    failed      0.21%
 929  GB_GCA_003260345.1   23.61%    failed      0.33%
 930  GB_GCA_002898235.1   37.72%    failed      0.00%
 931  GB_GCA_903904875.1   45.15%    failed      0.00%
 932  GB_GCA_003482855.1   23.88%    failed      0.72%
 933  GB_GCA_003518365.1   24.30%    failed      0.42%
 934  GB_GCA_903902315.1   36.63%    passed      9.05%
 935  GB_GCA_001774945.1   42.47%    failed      0.64%
 936  GB_GCA_000994705.1   41.77%    failed      0.73%
 937  GB_GCA_003551425.1   31.84%    failed      0.00%
 938  GB_GCA_003511125.1   32.66%    failed      3.80%
 939  GB_GCA_001873435.1   29.20%    failed      0.30%
 940  GB_GCA_001775485.1   41.47%    failed      0.00%
 941  GB_GCA_903854995.1   25.83%    failed      0.00%
 942  GB_GCA_903885965.1   23.11%    passed     11.07%
 943  GB_GCA_001774685.1   36.21%    passed      6.19%
 944  GB_GCA_002427805.1   27.75%    failed      0.00%
 945  GB_GCA_001776865.1   36.03%    passed     32.86%
 946  GB_GCA_000998805.1   50.29%    failed      0.03%
 947  GB_GCA_003599755.1   25.07%    failed      0.00%
 948  GB_GCA_903842365.1   34.45%    failed      0.56%
 949  RS_GCF_900555425.1   29.92%    failed      0.00%
 950  GB_GCA_013426185.1   39.65%    failed      0.63%
 951  GB_GCA_001779925.1   27.83%    passed     80.04%
 952  GB_GCA_003164215.1   32.80%    failed      0.00%
 953  GB_GCA_007378955.1   28.45%    failed      0.00%
 954  GB_GCA_002347045.1   39.53%    failed      0.10%
 955  GB_GCA_011050465.1   28.03%    failed      0.00%
 956  GB_GCA_004298615.1   28.35%    passed     16.88%
 957  GB_GCA_003485135.1   35.28%    failed      0.69%
 958  GB_GCA_903825255.1   33.77%    failed      0.00%
 959  GB_GCA_002687905.1   36.17%    failed      0.00%
 960  GB_GCA_000993595.1   20.75%    failed      0.00%
 961  GB_GCA_002787175.1   42.01%    failed      1.67%
 962  GB_GCA_001778235.1   23.63%    failed      0.00%
 963  GB_GCA_003599175.1   41.37%    failed      0.00%
 964  GB_GCA_013816445.1   32.78%    failed      0.16%
 965  GB_GCA_002338125.1   28.99%    failed      2.35%
 966  GB_GCA_002794035.1   31.73%    failed      0.19%
 967  GB_GCA_001785675.1   37.30%    failed      0.21%
 968  GB_GCA_003564915.1   39.90%    failed      3.69%
 969  GB_GCA_001823695.1   38.83%    failed      0.08%
 970  GB_GCA_002772115.1   25.17%    failed      0.00%
 971  GB_GCA_002788675.1   31.67%    failed      0.00%
 972  GB_GCA_903831095.1   30.67%    failed      0.00%
 973  RS_GCF_002952755.1   25.03%    failed      0.00%
 974  GB_GCA_903857815.1   25.57%    failed      1.68%
 975  RS_GCF_900555675.1   30.32%    failed      0.00%
 976  GB_GCA_011046695.1   35.50%    failed      0.00%
 977  GB_GCA_012798115.1   31.19%    failed      0.04%
 978  GB_GCA_002412645.1   35.80%    failed      0.00%
 979  GB_GCA_001773725.1   45.48%    failed      0.05%
 980  GB_GCA_001791995.1   42.80%    failed      1.16%
 981  GB_GCA_903842795.1   27.91%    failed      0.01%
 982  GB_GCA_003551845.1   33.87%    failed      0.00%
 983  GB_GCA_003151795.1   35.18%    passed     86.91%
 984  GB_GCA_903821745.1   32.90%    failed      0.51%
 985  GB_GCA_009995385.1   35.68%    passed      6.45%
 986  GB_GCA_013332955.2   35.18%    passed     10.11%
 987  GB_GCA_002069525.1   37.34%    failed      0.00%
 988  GB_GCA_001786575.1   25.11%    failed      3.45%
 989  GB_GCA_000996205.1   35.89%    failed      0.00%
 990  GB_GCA_001789635.1   36.81%    failed      0.00%
 991  GB_GCA_013333605.2   37.78%    failed      0.00%
 992  GB_GCA_002774795.1   33.45%    failed      0.00%
 993  GB_GCA_001820685.1   31.61%    passed      7.55%
 994  GB_GCA_001771185.1   22.39%    failed      0.00%
 995  GB_GCA_001821795.1   41.29%    failed      0.01%
 996  GB_GCA_001819435.1   36.05%    failed      0.00%
 997  GB_GCA_000995845.1   34.31%    failed      0.00%
 998  GB_GCA_003560665.1   29.44%    failed      0.00%
 999  GB_GCA_002840305.1   23.66%    failed      0.00%
1000  GB_GCA_903838985.1   34.88%    failed      0.00%
1001  GB_GCA_002841655.1   38.26%    passed     76.54%
1002  RS_GCF_013100825.1   23.82%    failed      0.00%
1003  GB_GCA_007376805.1   34.48%    failed      0.00%
1004  GB_GCA_002401495.1   44.35%    failed      0.08%
1005  GB_GCA_003151615.1   33.25%    passed     16.43%
1006  GB_GCA_003576745.1   24.94%    failed      0.00%
1007  GB_GCA_903866605.1   27.66%    failed      0.00%
1008  GB_GCA_001794755.1   38.26%    passed     19.64%
1009  GB_GCA_001820175.1   41.93%    failed      0.21%
1010  GB_GCA_001001795.1   38.20%    failed      1.02%
1011  GB_GCA_002789895.1   40.36%    passed     11.17%
1012  GB_GCA_001820725.1   31.51%    failed      0.00%
1013  GB_GCA_903897805.1   38.83%    passed     31.74%
1014  GB_GCA_014378965.1   37.68%    failed      0.00%
1015  GB_GCA_001791035.1   32.70%    failed      0.00%
1016  GB_GCA_903839975.1   34.19%    passed     16.68%
1017  GB_GCA_002428865.1   45.48%    failed      0.06%
1018  GB_GCA_001824005.1   49.18%    failed      1.64%
1019  GB_GCA_903970425.1   32.86%    failed      0.00%
1020  GB_GCA_900299275.1   40.32%    failed      0.00%
1021  GB_GCA_001775835.1   29.78%    passed      7.40%
1022  GB_GCA_903900345.1   26.29%    failed      0.00%
1023  GB_GCA_001781095.1   35.42%    failed      0.00%
1024  GB_GCA_001817635.1   43.88%    failed      2.57%
1025  GB_GCA_001819295.1   44.45%    failed      0.46%
1026  GB_GCA_013333295.2   41.18%    failed      0.00%
1027  GB_GCA_009776965.1   42.11%    passed     29.78%
1028  GB_GCA_002778715.1   39.07%    failed      0.00%
1029  GB_GCA_001029735.1   28.51%    passed      5.66%
1030  GB_GCA_001871765.1   30.81%    passed     32.80%
1031  GB_GCA_903891235.1   44.39%    failed      0.00%
1032  GB_GCA_009777795.1   54.79%    failed      0.00%
1033  GB_GCA_003599595.1   48.66%    failed      0.00%
1034  GB_GCA_003545515.1   43.78%    failed      0.00%
1035  GB_GCA_001785735.1   57.06%    failed      0.00%
1036  GB_GCA_001820215.1   36.85%    failed      0.00%
1037  GB_GCA_903885445.1   36.45%    failed      0.00%
1038  GB_GCA_903895055.1   39.19%    failed      0.00%
1039  GB_GCA_001000675.1   30.85%    passed     27.23%
1040  GB_GCA_001822835.1   31.61%    failed      0.00%
1041  GB_GCA_000992165.1   39.94%    passed     11.93%
1042  GB_GCA_001771275.1   22.81%    failed      3.13%
1043  GB_GCA_903889015.1   58.63%    failed      0.00%
1044  GB_GCA_000990145.1   52.53%    failed      0.86%
1045  GB_GCA_000505065.1   30.08%    failed      0.00%
1046  GB_GCA_009778675.1   30.06%    failed      0.12%
1047  GB_GCA_002772825.1   35.97%    failed      0.31%
1048  GB_GCA_903918675.1   42.82%    failed      0.00%
1049  GB_GCA_002329255.1   45.88%    failed      0.00%
1050  GB_GCA_002299465.1   33.59%    failed      0.01%
1051  GB_GCA_002716765.1   36.29%    failed      0.08%
1052  GB_GCA_001788955.1   25.27%    failed      0.00%
1053  GB_GCA_013334825.1   32.34%    failed      0.00%
1054  GB_GCA_001794205.1   43.16%    failed      1.33%
1055  GB_GCA_003489395.1   43.48%    passed     24.00%
1056  GB_GCA_002789815.1   32.24%    failed      0.00%
1057  GB_GCA_001872575.1   22.08%    failed      0.00%
1058  GB_GCA_001786745.1   36.31%    failed      0.15%
1059  GB_GCA_002772205.1   42.74%    failed      0.00%
1060  GB_GCA_000995965.1   23.61%    failed      0.19%
1061  GB_GCA_002788475.1   39.45%    failed      0.00%
1062  GB_GCA_013334845.1   49.22%    passed     42.41%
1063  GB_GCA_903994795.1   35.64%    failed      0.00%
1064  RS_GCF_000803625.1   24.60%    failed      0.00%
1065  GB_GCA_903847415.1   29.10%    passed     67.76%
1066  GB_GCA_001777015.1   34.88%    passed     19.62%
1067  GB_GCA_002401425.1   25.05%    failed      0.00%
1068  GB_GCA_013203565.1   54.83%    failed      0.01%
1069  GB_GCA_903920975.1   29.46%    failed      0.00%
1070  GB_GCA_013815785.1   33.17%    failed      0.00%
1071  GB_GCA_903834855.1   33.53%    failed      3.84%
1072  GB_GCA_007136035.1   37.80%    failed      0.00%
1073  GB_GCA_001794015.1   54.75%    failed      0.09%
1074  GB_GCA_013387205.1   23.41%    passed     12.76%
1075  GB_GCA_001825315.1   42.82%    passed     29.08%
1076  GB_GCA_013374855.1   38.71%    failed      0.00%
1077  GB_GCA_903954185.1   24.74%    failed      1.64%
1078  GB_GCA_002774225.1   48.72%    failed      0.00%
1079  GB_GCA_001872305.1   39.51%    failed      0.00%
1080  GB_GCA_001819985.1   27.40%    failed      0.14%
1081  GB_GCA_002421745.1   51.24%    failed      0.13%
1082  GB_GCA_001825475.1   51.84%    passed     20.63%
1083  GB_GCA_002780235.1   35.46%    failed      0.00%
1084  GB_GCA_009991965.1   35.08%    failed      0.00%
1085  GB_GCA_001817805.1   45.36%    failed      0.21%
1086  GB_GCA_002409215.1   37.18%    failed      0.00%
1087  GB_GCA_007125155.1   30.83%    failed      0.00%
1088  GB_GCA_903876465.1   46.24%    passed      6.60%
1089  GB_GCA_002377025.1   43.08%    passed      7.04%
1090  GB_GCA_002336735.1   38.87%    failed      0.00%
1091  GB_GCA_903878285.1   33.73%    failed      0.00%
1092  GB_GCA_002780175.1   28.83%    failed      0.00%
1093  GB_GCA_011370505.1   36.59%    failed      0.00%
1094  GB_GCA_011682665.1   44.99%    failed      0.00%
1095  GB_GCA_003514455.1   32.18%    passed     10.45%
1096  GB_GCA_007376205.1   21.82%    failed      0.00%
1097  GB_GCA_002305125.1   39.15%    failed      0.00%
1098  GB_GCA_013336275.1   21.98%    passed     53.70%
1099  GB_GCA_001819395.1   40.98%    failed      0.28%
1100  GB_GCA_002306385.1   26.76%    failed      0.00%
1101  GB_GCA_009995455.1   28.75%    failed      0.00%
1102  GB_GCA_903853785.1   26.98%    failed      1.16%
1103  GB_GCA_001776425.1   56.72%    failed      0.09%
1104  GB_GCA_903888625.1   30.49%    failed      0.00%
1105  GB_GCA_002773395.1   30.81%    failed      0.14%
1106  GB_GCA_001029675.1   30.97%    failed      0.00%
1107  GB_GCA_001897295.1   26.19%    failed      0.00%
1108  GB_GCA_001803465.1   35.91%    failed      0.00%
1109  GB_GCA_007117035.1   36.03%    failed      0.10%
1110  GB_GCA_903831335.1   40.78%    passed      7.11%
1111  GB_GCA_000995065.1   22.73%    passed      6.83%
1112  GB_GCA_001795735.1   32.06%    passed      8.09%
1113  GB_GCA_002781185.1   36.61%    failed      0.00%
1114  GB_GCA_001782195.1   39.05%    failed      0.33%
1115  GB_GCA_903829075.1   28.31%    failed      0.00%
1116  GB_GCA_001793775.1   43.90%    failed      0.07%
1117  GB_GCA_011355095.1   34.07%    failed      0.00%
1118  GB_GCA_002686365.1   39.25%    failed      1.12%
1119  RS_GCF_002761215.1   18.32%    failed      0.00%
1120  GB_GCA_001787475.1   45.42%    failed      0.06%
1121  GB_GCA_003173915.1   55.59%    passed      9.01%
1122  GB_GCA_000990355.1   24.44%    passed      8.23%
1123  GB_GCA_013332525.2   20.31%    failed      0.03%
1124  GB_GCA_001776935.1   34.01%    passed     22.66%
1125  GB_GCA_001821615.1   44.71%    failed      0.00%
1126  GB_GCA_014377305.1   23.70%    failed      0.00%
1127  GB_GCA_003170325.1   44.35%    passed     17.40%
1128  GB_GCA_003557585.1   37.40%    failed      0.00%
1129  RS_GCF_010202265.1   26.11%    failed      0.00%
1130  GB_GCA_903893445.1   26.31%    failed      0.00%
1131  GB_GCA_001303125.1   38.69%    failed      0.00%
1132  GB_GCA_003560095.1   38.79%    failed      0.00%
1133  GB_GCA_002785215.1   42.35%    failed      0.19%
1134  GB_GCA_002772495.1   42.39%    passed      8.88%
1135  GB_GCA_011355115.1   27.99%    failed      0.00%
1136  GB_GCA_003455555.1   48.28%    passed     20.57%
1137  GB_GCA_002361425.1   37.66%    failed      0.02%
1138  GB_GCA_002793885.1   34.07%    failed      0.00%
1139  GB_GCA_903875555.1   31.19%    failed      0.52%
1140  GB_GCA_007376745.1   46.26%    failed      0.04%
1141  GB_GCA_002305395.1   29.92%    passed     30.14%
1142  GB_GCA_001003725.1   27.62%    failed      0.00%
1143  GB_GCA_001784115.1   37.46%    passed     19.57%
1144  GB_GCA_002793075.1   28.57%    failed      0.00%
1145  GB_GCA_011055845.1   41.43%    failed      0.00%
1146  GB_GCA_002790675.1   34.46%    passed      9.46%
1147  GB_GCA_001782015.1   36.41%    failed      0.06%
1148  GB_GCA_001825395.1   39.05%    failed      0.03%
1149  GB_GCA_001817055.1   36.05%    failed      0.00%
1150  GB_GCA_003488655.1   39.35%    failed      0.03%
1151  GB_GCA_001787535.1   23.37%    failed      0.00%
1152  GB_GCA_000997465.1   56.18%    passed      6.00%
1153  GB_GCA_014239775.1   26.29%    passed     11.17%
1154  GB_GCA_001781025.1   45.62%    failed      0.01%
1155  GB_GCA_002452615.1   37.18%    failed      0.00%
1156  GB_GCA_903882825.1   25.77%    failed      0.00%
1157  GB_GCA_002329205.1   34.64%    passed     22.10%
1158  GB_GCA_001773775.1   46.22%    passed     26.44%
1159  GB_GCA_001821375.1   35.76%    failed      0.00%
1160  GB_GCA_013333845.2   33.83%    failed      0.00%
1161  GB_GCA_007376285.1   39.23%    failed      0.00%
1162  GB_GCA_011329435.1   32.34%    failed      0.01%
1163  GB_GCA_002726935.1   33.81%    failed      0.00%
1164  GB_GCA_002329385.1   47.01%    failed      0.01%
1165  GB_GCA_001000035.1   47.95%    passed     46.55%
1166  GB_GCA_003483065.1   22.97%    failed      0.00%
1167  GB_GCA_003155695.1   33.63%    failed      0.01%
1168  GB_GCA_002869165.1   26.50%    failed      0.00%
1169  GB_GCA_001818315.1   22.55%    failed      0.00%
1170  GB_GCA_001820655.1   40.44%    failed      0.00%
1171  GB_GCA_011368205.1   37.09%    failed      2.70%
1172  GB_GCA_002785165.1   57.20%    failed      0.00%
1173  GB_GCA_011368305.1   55.17%    passed     23.94%
1174  GB_GCA_000999095.1   37.48%    failed      1.68%
1175  GB_GCA_002788855.1   36.11%    passed     97.79%
1176  GB_GCA_009839835.1   29.10%    failed      0.00%
1177  GB_GCA_002772895.1   25.05%    failed      0.06%
1178  GB_GCA_002329465.1   47.01%    failed      0.07%
1179  GB_GCA_002401925.1   38.12%    failed      0.03%
1180  GB_GCA_002419295.1   40.32%    failed      0.00%
1181  GB_GCA_002792995.1   30.04%    failed      0.01%
1182  GB_GCA_007378985.1   30.87%    failed      0.00%
1183  GB_GCA_002331145.1   34.58%    failed      0.01%
1184  GB_GCA_007117575.1   30.24%    failed      2.69%
1185  GB_GCA_001004885.1   25.79%    failed      0.00%
1186  GB_GCA_000996025.1   41.65%    failed      0.11%
1187  GB_GCA_903824595.1   30.91%    failed      0.00%
1188  GB_GCA_002785295.1   27.95%    failed      0.00%
1189  GB_GCA_903859075.1   31.23%    passed     14.41%
1190  GB_GCA_002371235.1   33.19%    passed     23.31%
1191  GB_GCA_001772615.1   31.86%    failed      0.63%
1192  GB_GCA_903839905.1   38.53%    failed      0.00%
1193  GB_GCA_903920345.1   36.83%    failed      3.63%
1194  GB_GCA_001873515.1   45.46%    failed      2.41%
1195  GB_GCA_001003475.1   39.53%    failed      3.38%
1196  GB_GCA_013333375.2   35.20%    passed     18.67%
1197  GB_GCA_002069945.1   41.39%    failed      0.00%
1198  GB_GCA_003556925.1   50.17%    failed      0.00%
1199  GB_GCA_003231075.1   42.31%    failed      0.42%
1200  GB_GCA_003251635.1   22.22%    failed      1.27%
1201  GB_GCA_003554785.1   43.14%    failed      0.00%
1202  GB_GCA_903868845.1   52.85%    failed      1.41%
1203  GB_GCA_001782515.1   40.14%    failed      0.02%
1204  GB_GCA_002772995.1   30.73%    failed      0.33%
1205  GB_GCA_001777575.1   27.22%    passed     28.28%
1206  GB_GCA_903911245.1   32.82%    passed     36.41%
1207  GB_GCA_004297805.1   27.30%    failed      0.73%
1208  GB_GCA_001774495.1   32.90%    failed      0.00%
1209  GB_GCA_001778495.1   45.64%    failed      0.00%
1210  GB_GCA_903943625.1   53.01%    failed      0.00%
1211  GB_GCA_002415345.1   24.54%    failed      0.00%
1212  GB_GCA_001567245.1   49.20%    passed      5.13%
1213  GB_GCA_002376885.1   34.72%    failed      0.55%
1214  GB_GCA_001794195.1   37.09%    passed     64.98%
1215  GB_GCA_001004105.1   33.00%    failed      0.00%
1216  GB_GCA_013289705.1   25.07%    failed      0.00%
1217  GB_GCA_001001555.1   43.84%    failed      0.03%
1218  GB_GCA_010119095.1   22.51%    failed      0.00%
1219  GB_GCA_001872265.1   40.64%    failed      0.00%
1220  GB_GCA_011388375.1   44.41%    failed      0.00%
1221  GB_GCA_011367745.1   42.45%    failed      0.08%
1222  GB_GCA_004322265.1   27.22%    failed      0.00%
1223  GB_GCA_005239955.1   36.77%    failed      0.00%
1224  GB_GCA_002772815.1   29.03%    failed      0.00%
1225  GB_GCA_000990945.1   36.53%    failed      0.00%
1226  GB_GCA_002337095.1   32.32%    failed      0.00%
1227  GB_GCA_903854215.1   31.43%    failed      0.00%
1228  GB_GCA_002785325.1   27.04%    failed      0.02%
1229  GB_GCA_002773855.1   21.06%    failed      0.00%
1230  GB_GCA_002771565.1   39.71%    failed      0.00%
1231  GB_GCA_002069755.1   30.24%    failed      0.00%
1232  GB_GCA_002778575.1   35.44%    failed      0.00%
1233  GB_GCA_002428285.1   43.34%    failed      0.35%
1234  GB_GCA_001002405.1   49.26%    failed      0.00%
1235  GB_GCA_903844835.1   34.15%    failed      0.00%
1236  GB_GCA_001792465.1   44.85%    failed      0.00%
1237  GB_GCA_009777315.1   33.85%    failed      0.00%
1238  GB_GCA_004297735.1   24.20%    failed      0.00%
1239  GB_GCA_001788925.1   27.87%    failed      0.00%
1240  GB_GCA_903952785.1   40.20%    passed     10.72%
1241  GB_GCA_011057755.1   46.42%    failed      0.00%
1242  GB_GCA_003233455.1   34.92%    failed      0.00%
1243  GB_GCA_001789725.1   47.91%    failed      4.51%
1244  GB_GCA_001872545.1   29.72%    failed      0.00%
1245  GB_GCA_903933085.1   35.50%    failed      0.04%
1246  GB_GCA_009995365.1   33.91%    failed      0.00%
1247  GB_GCA_001816915.1   35.08%    failed      0.00%
1248  GB_GCA_011046145.1   29.34%    failed      0.00%
1249  GB_GCA_002773725.1   38.30%    failed      0.00%
1250  GB_GCA_002784795.1   27.91%    failed      0.41%
1251  GB_GCA_001782825.1   22.91%    failed      0.39%
1252  GB_GCA_002773185.1   39.09%    failed      3.91%
1253  GB_GCA_012797935.1   36.57%    failed      0.00%
1254  GB_GCA_012842045.1   31.41%    failed      0.00%
1255  GB_GCA_002782305.1   26.62%    failed      2.47%
1256  GB_GCA_003647645.1   36.03%    failed      0.16%
1257  GB_GCA_001793015.1   45.60%    passed     20.99%
1258  GB_GCA_007115995.1   44.79%    failed      0.00%
1259  GB_GCA_002792275.1   26.72%    failed      0.00%
1260  GB_GCA_002787405.1   25.85%    failed      0.00%
1261  GB_GCA_001189155.1   34.19%    failed      0.01%
1262  GB_GCA_003524845.1   47.05%    failed      1.48%
1263  GB_GCA_011358605.1   27.93%    passed      6.98%
1264  GB_GCA_903879985.1   31.07%    passed     12.05%
1265  GB_GCA_013816135.1   35.99%    failed      0.01%
1266  GB_GCA_002791295.1   28.01%    failed      0.07%
1267  GB_GCA_001784475.1   24.40%    passed     22.68%
1268  GB_GCA_903821355.1   34.90%    failed      1.42%
1269  GB_GCA_000993115.1   40.88%    passed     16.06%
1270  GB_GCA_001873755.1   26.72%    failed      0.00%
1271  GB_GCA_000991405.1   28.33%    failed      0.01%
1272  GB_GCA_001792215.1   41.49%    failed      0.01%
1273  GB_GCA_001791745.1   24.10%    failed      0.00%
1274  GB_GCA_002339755.1   35.26%    failed      0.00%
1275  GB_GCA_005239865.1   28.91%    failed      0.00%
1276  GB_GCA_903842025.1   34.39%    passed     21.30%
1277  GB_GCA_903843045.1   26.23%    failed      0.00%
1278  GB_GCA_011049365.1   52.13%    failed      0.02%
1279  GB_GCA_013333645.2   24.54%    failed      0.00%
1280  GB_GCA_000991245.1   23.37%    failed      0.41%
1281  GB_GCA_903861205.1   32.48%    failed      0.55%
1282  GB_GCA_903827975.1   35.89%    passed     16.03%
1283  GB_GCA_003176165.1   36.99%    failed      0.00%
1284  GB_GCA_002771075.1   50.01%    failed      0.00%
1285  GB_GCA_012798485.1   31.78%    failed      0.00%
1286  GB_GCA_002787295.1   36.47%    failed      0.00%
1287  GB_GCA_002778645.1   33.25%    failed      0.13%
1288  GB_GCA_002773695.1   31.17%    failed      0.77%
1289  GB_GCA_002415845.1   47.81%    passed      8.66%
1290  GB_GCA_003599295.1   34.58%    failed      0.00%
1291  GB_GCA_001803415.1   38.67%    failed      0.00%
1292  GB_GCA_007376635.1   29.76%    failed      0.00%
1293  GB_GCA_002792495.1   24.38%    passed     30.31%
1294  GB_GCA_003252295.1   33.15%    failed      0.01%
1295  GB_GCA_013268835.1   20.41%    failed      0.00%
1296  GB_GCA_001817215.1   37.03%    failed      0.00%
1297  GB_GCA_002791435.1   38.61%    failed      0.00%
1298  GB_GCA_001783215.1   22.51%    passed     17.52%
1299  GB_GCA_001822695.1   40.52%    failed      0.42%
1300  GB_GCA_003979185.1   27.91%    failed      4.27%
1301  GB_GCA_002774575.1   43.92%    failed      3.71%
1302  GB_GCA_000990325.1   31.45%    failed      0.36%
1303  GB_GCA_011334535.1   30.12%    failed      0.00%
1304  GB_GCA_001003705.1   29.16%    failed      0.00%
1305  GB_GCA_000991805.1   44.91%    failed      0.00%
1306  GB_GCA_002774635.1   26.07%    failed      0.00%
1307  GB_GCA_002771215.1   31.41%    failed      0.00%
1308  GB_GCA_000993535.1   42.82%    passed      6.58%
1309  GB_GCA_007132685.1   33.49%    failed      0.00%
1310  GB_GCA_903925195.1   35.32%    failed      0.11%
1311  GB_GCA_001778785.1   43.40%    failed      0.00%
1312  GB_GCA_002328025.1   27.62%    failed      0.00%
1313  GB_GCA_001793945.1   34.80%    passed     13.58%
1314  GB_GCA_903866285.1   26.13%    passed     18.90%
1315  GB_GCA_002792755.1   35.52%    failed      0.00%
1316  GB_GCA_002791215.1   44.29%    failed      0.00%
1317  GB_GCA_003153355.1   20.19%    failed      0.07%
1318  GB_GCA_000989305.1   42.49%    failed      1.16%
1319  GB_GCA_903870315.1   34.94%    failed      1.68%
1320  GB_GCA_001789445.1   38.83%    passed     85.18%
1321  GB_GCA_012798265.1   33.04%    failed      0.00%
1322  GB_GCA_004561445.1   27.54%    failed      0.21%
1323  GB_GCA_001824255.1   40.26%    failed      0.34%
1324  GB_GCA_001821435.1   31.15%    failed      0.00%
1325  GB_GCA_002780915.1   36.41%    failed      0.00%
1326  GB_GCA_001302985.1   38.04%    failed      0.00%
1327  GB_GCA_002422765.1   39.03%    failed      0.07%
1328  GB_GCA_013202585.1   38.71%    passed     18.69%
1329  GB_GCA_002309075.1   35.42%    passed     13.75%
1330  GB_GCA_001000865.1   42.68%    passed     10.78%
1331  GB_GCA_001793825.1   37.13%    failed      0.00%
1332  GB_GCA_009691335.1   43.42%    passed     17.27%
1333  GB_GCA_003260325.1   22.35%    failed      0.00%
1334  GB_GCA_001784735.1   34.76%    passed      5.68%
1335  GB_GCA_001780895.1   42.92%    passed      5.48%
1336  GB_GCA_002306085.1   24.40%    failed      0.11%
1337  GB_GCA_001782235.1   35.64%    failed      2.30%
1338  GB_GCA_003555075.1   32.80%    failed      0.00%
1339  GB_GCA_001786805.1   38.50%    failed      0.10%
1340  GB_GCA_002774085.1   47.79%    failed      0.00%
1341  GB_GCA_002771615.1   26.40%    failed      0.00%
1342  GB_GCA_903855135.1   22.49%    failed      0.00%
1343  GB_GCA_903869825.1   30.04%    failed      0.00%
1344  GB_GCA_002788135.1   31.17%    failed      0.51%
1345  GB_GCA_002328295.1   31.19%    failed      1.57%
1346  GB_GCA_002773615.1   41.91%    passed     19.96%
1347  GB_GCA_002422165.1   31.69%    failed      0.00%
1348  GB_GCA_001818655.1   40.74%    failed      0.00%
1349  GB_GCA_003135635.1   32.26%    failed      0.00%
1350  GB_GCA_002788865.1   36.61%    passed      7.73%
1351  GB_GCA_013335175.1   33.79%    passed     99.01%
1352  GB_GCA_003164595.1   25.19%    failed      0.00%
1353  GB_GCA_001779055.1   49.99%    failed      0.01%
1354  GB_GCA_001773975.1   44.95%    failed      2.75%
1355  GB_GCA_001778095.1   24.26%    failed      0.00%
1356  GB_GCA_003512175.1   39.88%    failed      0.00%
1357  GB_GCA_001794435.1   36.01%    failed      4.35%
1358  GB_GCA_004299275.1   27.46%    failed      0.00%
1359  GB_GCA_003455995.1   38.42%    failed      2.88%
1360  GB_GCA_903831815.1   34.03%    passed     13.35%
1361  GB_GCA_002293725.1   37.82%    failed      0.00%
1362  GB_GCA_001778695.1   37.11%    failed      0.86%
1363  GB_GCA_000993025.1   40.22%    failed      0.10%
1364  GB_GCA_001777665.1   26.42%    passed     34.16%
1365  GB_GCA_007116275.1   53.01%    failed      0.00%
1366  GB_GCA_000998275.1   39.61%    passed      9.16%
1367  RS_GCF_900555885.1   33.17%    failed      0.00%
1368  GB_GCA_002793855.1   22.75%    failed      0.00%
1369  GB_GCA_001773575.1   32.96%    failed      0.00%
1370  GB_GCA_001772625.1   42.25%    passed     10.90%
1371  GB_GCA_011338085.1   53.98%    failed      0.00%
1372  GB_GCA_002781265.1   27.34%    failed      0.00%
1373  GB_GCA_002455275.1   27.83%    failed      0.00%
1374  GB_GCA_003599635.1   38.18%    failed      0.00%
1375  GB_GCA_001001115.1   41.99%    failed      0.00%
1376  GB_GCA_011052355.1   41.35%    failed      0.00%
1377  GB_GCA_001785615.1   38.77%    failed      1.49%
1378  GB_GCA_001782045.1   34.50%    failed      2.75%
1379  GB_GCA_002440845.1   40.72%    failed      0.00%
1380  GB_GCA_002363125.1   30.22%    passed     17.48%
1381  GB_GCA_002436205.1   28.91%    failed      0.01%
1382  GB_GCA_001780035.1   26.25%    passed     56.02%
1383  GB_GCA_000993275.1   26.11%    failed      3.39%
1384  GB_GCA_003173895.1   33.97%    failed      0.05%
1385  GB_GCA_001772985.1   51.70%    passed      8.56%
1386  GB_GCA_903832855.1   33.47%    failed      0.00%
1387  GB_GCA_002429485.1   31.39%    failed      0.00%
1388  GB_GCA_002788555.1   44.11%    failed      0.00%
1389  GB_GCA_001871435.1   34.25%    passed      5.73%
1390  GB_GCA_001029795.1   21.80%    failed      0.00%
1391  GB_GCA_012965045.1   25.19%    failed      0.01%
1392  GB_GCA_903936565.1   33.25%    passed      9.36%
1393  GB_GCA_000997945.1   30.61%    failed      3.51%
1394  GB_GCA_001781275.1   44.33%    failed      0.01%
1395  GB_GCA_002452155.1   26.21%    failed      0.00%
1396  GB_GCA_001788015.1   38.51%    failed      0.02%
1397  GB_GCA_903904545.1   43.44%    failed      0.00%
1398  GB_GCA_013333595.2   24.66%    failed      0.00%
1399  GB_GCA_013333625.2   26.17%    failed      0.00%
1400  GB_GCA_002361595.1   49.06%    failed      0.00%
1401  GB_GCA_001785965.1   38.26%    failed      0.22%
1402  GB_GCA_001871235.1   34.09%    failed      1.01%
1403  GB_GCA_903825615.1   43.46%    passed     24.89%
1404  GB_GCA_002378745.1   36.21%    failed      0.02%
1405  GB_GCA_001789515.1   45.13%    passed     51.04%
1406  GB_GCA_002793435.1   37.48%    failed      0.00%
1407  GB_GCA_012270305.1   37.64%    failed      0.00%
1408  GB_GCA_009777365.1   59.44%    failed      0.71%
1409  GB_GCA_903831805.1   23.80%    failed      0.42%
1410  GB_GCA_002435385.1   24.44%    failed      0.00%
1411  GB_GCA_001817345.1   38.59%    failed      0.31%
1412  GB_GCA_001783805.1   33.85%    failed      1.18%
1413  GB_GCA_903893925.1   27.14%    failed      0.01%
1414  GB_GCA_001823575.1   35.76%    failed      4.89%
1415  GB_GCA_903851235.1   27.42%    failed      0.05%
1416  GB_GCA_903850545.1   33.31%    failed      0.00%
1417  GB_GCA_001780725.1   34.58%    failed      0.08%
1418  GB_GCA_013336225.1   23.33%    failed      2.96%
1419  RS_GCF_010202465.1   24.34%    failed      0.00%
1420  GB_GCA_903839955.1   36.91%    passed     52.21%
1421  GB_GCA_001779315.1   36.45%    passed      6.58%
1422  GB_GCA_001790095.1   34.60%    failed      0.01%
1423  GB_GCA_000989515.1   28.81%    failed      0.00%
1424  RS_GCF_009936135.1   36.97%    failed      0.00%
1425  GB_GCA_001004345.1   37.76%    failed      0.00%
1426  GB_GCA_000992445.2   34.01%    failed      0.00%
1427  GB_GCA_002070005.1   38.50%    failed      0.00%
1428  GB_GCA_002796045.1   53.86%    failed      0.04%
1429  GB_GCA_013333495.2   24.54%    failed      0.00%
1430  GB_GCA_003694175.1   41.79%    failed      0.00%
1431  GB_GCA_002335175.1   26.56%    failed      0.00%
1432  GB_GCA_012510515.1   39.11%    failed      0.00%
1433  GB_GCA_011362555.1   26.94%    failed      0.01%
1434  GB_GCA_001784285.1   24.04%    failed      0.04%
1435  GB_GCA_001818675.1   38.08%    failed      0.06%
1436  GB_GCA_013140485.1   26.88%    failed      0.00%
1437  GB_GCA_903828685.1   33.21%    failed      0.00%
1438  GB_GCA_003152105.1   32.40%    failed      0.14%
1439  GB_GCA_001817615.1   32.24%    failed      0.00%
1440  GB_GCA_001872945.1   30.06%    passed     10.62%
1441  GB_GCA_014238775.1   50.25%    failed      0.00%
1442  GB_GCA_001817505.1   25.27%    failed      0.03%
1443  GB_GCA_000998135.1   29.72%    failed      0.00%
1444  GB_GCA_903897785.1   26.62%    failed      0.00%
1445  GB_GCA_014191035.1   27.26%    failed      2.81%
1446  GB_GCA_001029715.1   28.45%    failed      0.00%
1447  GB_GCA_002780785.1   49.63%    failed      2.46%
1448  GB_GCA_009783305.1   28.87%    passed     43.75%
1449  GB_GCA_903900935.1   34.82%    passed     10.38%
1450  GB_GCA_001773295.1   37.52%    passed     24.88%
1451  GB_GCA_001817425.1   25.09%    failed      0.00%
1452  GB_GCA_003554185.1   35.48%    failed      0.00%
1453  GB_GCA_003157195.1   42.76%    failed      0.02%
1454  GB_GCA_001788095.1   32.54%    failed      1.96%
1455  GB_GCA_013360865.1   32.92%    failed      2.10%
1456  GB_GCA_001783185.1   33.87%    passed      7.48%
1457  GB_GCA_013333515.2   25.29%    failed      0.00%
1458  GB_GCA_003576945.1   35.60%    failed      0.13%
1459  GB_GCA_000994805.1   38.81%    failed      0.01%
1460  GB_GCA_001819495.1   33.35%    failed      0.07%
1461  GB_GCA_014377045.1   46.38%    failed      0.00%
1462  GB_GCA_002839415.1   25.57%    failed      0.17%
1463  GB_GCA_012798235.1   38.73%    failed      0.00%
1464  GB_GCA_002773335.1   33.75%    failed      0.01%
1465  GB_GCA_903873735.1   39.05%    failed      0.31%
1466  GB_GCA_003230965.1   31.67%    failed      0.01%
1467  GB_GCA_001781335.1   33.21%    failed      0.00%
1468  GB_GCA_903834195.1   46.91%    failed      0.00%
1469  GB_GCA_013368515.1   17.15%    failed      0.00%
1470  GB_GCA_903867845.1   32.52%    failed      0.00%
1471  GB_GCA_001820255.1   38.38%    failed      0.00%
1472  GB_GCA_001786765.1   30.89%    failed      0.00%
1473  GB_GCA_001820785.1   29.12%    failed      0.01%
1474  GB_GCA_001822065.1   34.29%    failed      0.00%
1475  GB_GCA_001779535.1   39.83%    failed      0.04%
1476  GB_GCA_903823865.1   32.14%    failed      0.00%
1477  GB_GCA_000991645.1   29.88%    passed      5.42%
1478  GB_GCA_001774075.1   42.62%    passed     36.28%
1479  GB_GCA_002773135.1   25.41%    failed      0.04%
1480  GB_GCA_001795615.1   36.85%    failed      4.89%
1481  GB_GCA_001303185.1   33.49%    failed      0.00%
1482  GB_GCA_002779425.1   37.07%    failed      0.00%
1483  GB_GCA_903928565.1   33.93%    failed      0.00%
1484  GB_GCA_002772745.1   23.63%    failed      0.00%
1485  GB_GCA_002429245.1   27.28%    failed      0.00%
1486  GB_GCA_903858555.1   32.20%    passed     26.73%
1487  GB_GCA_001003205.1   55.67%    passed      6.55%
1488  GB_GCA_002778465.1   26.70%    failed      0.77%
1489  GB_GCA_001189105.1   36.79%    passed     18.47%
1490  GB_GCA_903908535.1   32.08%    passed      9.43%
1491  GB_GCA_001785805.1   43.54%    failed      3.35%
1492  GB_GCA_001788835.1   17.37%    failed      0.00%
1493  GB_GCA_000398025.1   47.21%    failed      0.00%
1494  GB_GCA_014378615.1   50.90%    failed      0.00%
1495  GB_GCA_001777585.1   30.00%    failed      0.02%
1496  GB_GCA_001794125.1   33.08%    failed      0.97%
1497  GB_GCA_013334245.1   28.55%    failed      0.00%
1498  GB_GCA_001781995.1   51.60%    passed      6.06%
1499  GB_GCA_001784815.1   34.92%    failed      0.00%
1500  GB_GCA_012798645.1   47.41%    failed      0.00%
1501  GB_GCA_010027485.1   34.09%    failed      0.01%
1502  GB_GCA_001776505.1   34.64%    failed      0.28%
1503  GB_GCA_000999595.1   46.69%    failed      3.40%
1504  GB_GCA_001773215.1   34.09%    passed     25.81%
1505  GB_GCA_002774055.1   40.56%    failed      0.00%
1506  GB_GCA_001791715.1   43.74%    passed      5.18%
1507  GB_GCA_001790445.1   26.25%    failed      0.00%
1508  GB_GCA_001794635.1   41.89%    failed      0.81%
1509  GB_GCA_001823215.1   30.20%    failed      0.28%
1510  GB_GCA_002869265.1   24.90%    failed      0.00%
1511  GB_GCA_903822075.1   34.09%    passed     13.96%
1512  GB_GCA_007376195.1   29.66%    failed      0.00%
1513  GB_GCA_000997355.1   43.84%    passed     97.07%
1514  GB_GCA_003260355.1   36.73%    failed      0.00%
1515  GB_GCA_002433895.1   32.02%    failed      0.00%
1516  GB_GCA_001789045.1   24.98%    failed      0.00%
1517  GB_GCA_001781715.1   51.88%    failed      0.00%
1518  GB_GCA_003551435.1   30.81%    failed      0.00%
1519  GB_GCA_001780985.1   35.42%    failed      0.05%
1520  GB_GCA_002687895.1   24.56%    passed     10.78%
1521  GB_GCA_003554915.1   40.34%    failed      0.00%
1522  GB_GCA_000993955.1   52.61%    failed      0.46%
1523  GB_GCA_002772575.1   58.80%    failed      0.00%
1524  GB_GCA_002778635.1   32.46%    failed      0.03%
1525  GB_GCA_903861715.1   24.18%    passed      5.08%
1526  GB_GCA_003483855.1   31.33%    passed     18.01%
1527  GB_GCA_903884375.1   38.71%    failed      2.93%
1528  GB_GCA_002782865.1   24.86%    passed      7.08%
1529  GB_GCA_001792345.1   37.07%    passed     12.88%
1530  GB_GCA_001778875.1   38.36%    failed      0.32%
1531  GB_GCA_001003385.1   47.45%    failed      0.37%
1532  GB_GCA_013816255.1   38.10%    failed      0.46%
1533  GB_GCA_001779915.1   40.92%    passed     12.44%
1534  GB_GCA_013335095.1   34.70%    failed      0.27%
1535  GB_GCA_003510435.1   32.94%    failed      0.94%
1536  GB_GCA_903894955.1   50.29%    failed      0.01%
1537  GB_GCA_903905325.1   37.88%    passed      6.20%
1538  GB_GCA_004297205.1   22.67%    failed      0.00%
1539  GB_GCA_903825245.1   25.53%    failed      0.00%
1540  GB_GCA_001824915.1   47.55%    failed      0.41%
1541  GB_GCA_014379635.1   45.76%    failed      0.01%
1542  GB_GCA_008012175.1   31.51%    failed      0.00%
1543  GB_GCA_002773985.1   25.67%    passed     15.37%
1544  GB_GCA_001787755.1   19.99%    failed      0.00%
1545  GB_GCA_000993565.1   29.16%    failed      0.00%
1546  GB_GCA_002779355.1   38.32%    failed      0.00%
1547  GB_GCA_903839515.1   30.73%    failed      0.28%
1548  GB_GCA_002773475.1   41.18%    passed     21.01%
1549  GB_GCA_903825415.1   38.20%    passed      8.60%
1550  GB_GCA_007376725.1   33.43%    failed      0.10%
1551  GB_GCA_001779595.1   37.15%    failed      0.00%
1552  GB_GCA_900555945.1   27.46%    passed     10.18%
1553  GB_GCA_903847915.1   37.54%    failed      0.06%
1554  GB_GCA_009691465.1   38.73%    failed      0.00%
1555  GB_GCA_002790655.1   27.50%    failed      0.83%
1556  GB_GCA_001823925.1   37.82%    failed      1.28%
1557  GB_GCA_001782035.1   34.07%    failed      0.81%
1558  GB_GCA_000992345.1   32.28%    failed      0.00%
1559  GB_GCA_002352545.1   31.63%    failed      0.02%
1560  GB_GCA_001778055.1   36.89%    passed     25.14%
1561  GB_GCA_002774465.1   45.90%    failed      0.00%
1562  GB_GCA_001781915.1   43.95%    failed      0.00%
1563  GB_GCA_001784275.1   42.57%    failed      0.07%
1564  GB_GCA_000991185.1   41.00%    failed      0.00%
1565  GB_GCA_001774865.1   50.82%    failed      2.01%
1566  GB_GCA_001789355.1   42.82%    failed      0.00%
1567  GB_GCA_001786365.1   32.26%    failed      0.01%
1568  GB_GCA_012841575.1   23.03%    failed      1.08%
1569  GB_GCA_001779205.1   41.27%    failed      0.11%
1570  GB_GCA_903839725.1   33.67%    passed      7.08%
1571  GB_GCA_003599335.1   29.01%    failed      0.19%
1572  GB_GCA_001793855.1   34.56%    failed      0.52%
1573  GB_GCA_009695045.1   33.39%    failed      0.45%
1574  GB_GCA_002792535.1   18.01%    failed      0.00%
1575  GB_GCA_002787855.1   43.38%    failed      2.82%
1576  GB_GCA_013333675.2   24.32%    failed      0.00%
1577  GB_GCA_013204345.1   36.37%    failed      0.01%
1578  GB_GCA_013334475.1   28.03%    failed      0.00%
1579  GB_GCA_900556165.1   30.69%    passed     18.60%
1580  GB_GCA_903853925.1   33.19%    failed      0.74%
1581  GB_GCA_001820675.1   42.01%    failed      0.50%
1582  GB_GCA_903869875.1   37.36%    failed      1.06%
1583  GB_GCA_001823095.1   39.81%    failed      0.00%
1584  GB_GCA_002293245.1   46.18%    failed      1.61%
1585  GB_GCA_001791615.1   32.60%    failed      1.17%
1586  GB_GCA_903873095.1   42.35%    passed     14.23%
1587  GB_GCA_002068915.1   30.47%    passed     49.77%
1588  GB_GCA_013334575.1   23.05%    failed      0.00%
1589  GB_GCA_002781125.1   50.03%    failed      0.00%
1590  GB_GCA_001825035.1   32.66%    failed      0.00%
1591  GB_GCA_011056905.1   34.64%    failed      0.00%
1592  GB_GCA_002792315.1   37.18%    failed      3.41%
1593  GB_GCA_002746885.1   24.18%    failed      0.00%
1594  GB_GCA_009694925.1   41.04%    failed      0.00%
1595  GB_GCA_001189075.1   31.67%    failed      0.00%
1596  GB_GCA_003151625.1   29.76%    passed     11.40%
1597  GB_GCA_001001205.1   27.34%    failed      0.24%
1598  GB_GCA_001821015.1   37.60%    passed      5.91%
1599  GB_GCA_903831595.1   32.76%    failed      0.00%
1600  GB_GCA_001820055.1   34.96%    failed      4.81%
1601  GB_GCA_001823505.1   36.03%    failed      0.00%
WARNING: 75 sequences contain more than 50% gaps/ambiguity
****  TOTAL                35.28%  1305 sequences failed composition chi2 test (p-value<5%; df=19)

===> COMPUTING SITE FREQUENCY MODEL BASED ON TREE FILE 04_PMSF_tree_iteration1.treefile
Reading model definition file 02_GTR_c60_g_mwopt.GTRPMIX.nex ... 87 models and 214 frequency vectors loaded
WARNING: Your input class weight 0.0005 is very small and may cause numerical issues
WARNING: Your input class weight 0.0003 is very small and may cause numerical issues
NOTE: 292780 MB RAM is required!
1. Initial log-likelihood: -5295750.480
2. Current log-likelihood: -5292412.258
3. Current log-likelihood: -5292329.025
4. Current log-likelihood: -5292324.444
5. Current log-likelihood: -5292324.156
Optimal log-likelihood: -5292324.121
Mixture weights: 0.011 0.018 0.026 0.012 0.045 0.012 0.004 0.002 0.004 0.043 0.007 0.005 0.008 0.015 0.008 0.017 0.016 0.039 0.049 0.005 0.001 0.028 0.007 0.024 0.010 0.019 0.029 0.050 0.047 0.022 0.003 0.010 0.024 0.026 0.018 0.019 0.005 0.021 0.003 0.011 0.003 0.004 0.017 0.012 0.012 0.000 0.038 0.013 0.013 0.011 0.006 0.009 0.009 0.020 0.056 0.014 0.009 0.017 0.011 0.006
Gamma shape alpha: 1.421
Parameters optimization took 5 rounds (2286.715 sec)
Computing posterior mean site frequencies....
Site state frequency vectors printed to 05_sitefreqs_iteration2.sitefreq

===> CONTINUE ANALYSIS USING THE INFERRED SITE FREQUENCY MODEL
Reading model definition file 02_GTR_c60_g_mwopt.GTRPMIX.nex ... 87 models and 214 frequency vectors loaded

Create initial parsimony tree by phylogenetic likelihood library (PLL)... 37.409 seconds

NOTE: 4925 MB RAM (4 GB) is required!
Estimate model parameters (epsilon = 0.010)
1. Initial log-likelihood: -5381436.571
2. Current log-likelihood: -5285225.927
3. Current log-likelihood: -5272548.360
4. Current log-likelihood: -5272313.130
5. Current log-likelihood: -5272311.915
6. Current log-likelihood: -5272311.893
Optimal log-likelihood: -5272311.892
Gamma shape alpha: 1.425
Parameters optimization took 6 rounds (82.273 sec)
Wrote distance file to... 
BEST SCORE FOUND : -5272311.892
Total tree length: 550.638

Total number of iterations: 0
CPU time used for tree search: 0.000 sec (0h:0m:0s)
Wall-clock time used for tree search: 0.000 sec (0h:0m:0s)
Total CPU time used: 4697.925 sec (1h:18m:17s)
Total wall-clock time used: 120.899 sec (0h:2m:0s)

Analysis results written to: 
  IQ-TREE report:                05_sitefreqs_iteration2.iqtree
  Maximum-likelihood tree:       05_sitefreqs_iteration2.treefile
  Screen log file:               05_sitefreqs_iteration2.log

Date and Time: Thu Mar 13 23:04:32 2025
